<?xml version="1.0" encoding="UTF-8"?>
<!-- Generated by org.testng.reporters.JUnitReportReporter -->
<testsuite hostname="Jeyashree" failures="0" tests="2" name="com.contact.tests.DeleteContactTest" time="17.023" errors="0" timestamp="2025-12-01T22:07:30 IST" skipped="0">
  <testcase classname="com.contact.tests.DeleteContactTest" name="deleteContactDetails" time="8.469"/>
  <testcase classname="com.contact.tests.DeleteContactTest" name="verifyDeleteConfirmationAlert" time="8.554"/>
</testsuite> <!-- com.contact.tests.DeleteContactTest -->
