<?xml version="1.0" encoding="UTF-8"?>
<!-- Generated by org.testng.reporters.JUnitReportReporter -->
<testsuite hostname="Jeyashree" failures="0" tests="4" name="com.contact.tests.SignUpTest" time="18.861" errors="0" timestamp="2025-12-01T22:07:30 IST" skipped="0">
  <testcase classname="com.contact.tests.SignUpTest" name="signUpwithBlankFields" time="4.317"/>
  <testcase classname="com.contact.tests.SignUpTest" name="signUpwithIncorrectEmailFormat" time="4.827"/>
  <testcase classname="com.contact.tests.SignUpTest" name="signUpWithValidInputs" time="5.494"/>
  <testcase classname="com.contact.tests.SignUpTest" name="signUpwithAlreadyRegisteredEmail" time="4.223"/>
</testsuite> <!-- com.contact.tests.SignUpTest -->
