<?xml version="1.0" encoding="UTF-8"?>
<!-- Generated by org.testng.reporters.JUnitReportReporter -->
<testsuite hostname="Jeyashree" failures="0" tests="3" name="com.contact.tests.EditContactTest" time="47.483" errors="0" timestamp="2025-12-01T22:07:30 IST" skipped="0">
  <testcase classname="com.contact.tests.EditContactTest" name="validationErrorOnEmptyLastName" time="16.697"/>
  <testcase classname="com.contact.tests.EditContactTest" name="cancelEditShouldNotSave" time="10.997"/>
  <testcase classname="com.contact.tests.EditContactTest" name="editExistingContact" time="19.789"/>
</testsuite> <!-- com.contact.tests.EditContactTest -->
