<?xml version="1.0" encoding="UTF-8"?>
<!-- Generated by org.testng.reporters.JUnitReportReporter -->
<testsuite hostname="Jeyashree" failures="0" tests="5" name="com.contact.tests.LoginTest" time="26.792" errors="0" timestamp="2025-12-01T22:07:30 IST" skipped="0">
  <testcase classname="com.contact.tests.LoginTest" name="loginWithInvalidEmailFormat" time="3.251"/>
  <testcase classname="com.contact.tests.LoginTest" name="loginWithValidCredentials" time="4.406"/>
  <testcase classname="com.contact.tests.LoginTest" name="verifyPasswordMasking" time="2.676"/>
  <testcase classname="com.contact.tests.LoginTest" name="loginWithEmptyFields" time="3.390"/>
  <testcase classname="com.contact.tests.LoginTest" name="loginWithInvalidPassword" time="13.069"/>
</testsuite> <!-- com.contact.tests.LoginTest -->
