<?xml version="1.0" encoding="UTF-8"?>
<!-- Generated by org.testng.reporters.JUnitReportReporter -->
<testsuite hostname="Jeyashree" failures="0" tests="5" name="com.contact.tests.AddContactTest" time="30.970" errors="0" timestamp="2025-12-01T22:07:30 IST" skipped="0">
  <testcase classname="com.contact.tests.AddContactTest" name="validateDuplicateContactDetails" time="6.755"/>
  <testcase classname="com.contact.tests.AddContactTest" name="addContactwithMissingFields" time="6.012"/>
  <testcase classname="com.contact.tests.AddContactTest" name="verifyPhoneFieldValidation" time="5.739"/>
  <testcase classname="com.contact.tests.AddContactTest" name="addContactWithValidDetails" time="7.237"/>
  <testcase classname="com.contact.tests.AddContactTest" name="validateFormReset" time="5.227"/>
</testsuite> <!-- com.contact.tests.AddContactTest -->
