<?xml version="1.0" encoding="UTF-8"?>
<!-- Generated by org.testng.reporters.JUnitXMLReporter -->
<testsuite ignored="3" hostname="Jeyashree" failures="0" tests="1" name="Default test" time="14.066" errors="0" timestamp="2025-12-18T20:58:07 IST">
  <testcase classname="com.banking.tests.NavigationTest" name="validateContactSuccessPopup" time="2.216"/>
  <testcase classname="com.banking.tests.NavigationTest" name="navigateThroughTopNavLinks" time="0.0">
    <ignored/>
  </testcase> <!-- navigateThroughTopNavLinks -->
  <testcase classname="com.banking.tests.NavigationTest" name="validateButtonsVisibilityAndClickability" time="0.0">
    <ignored/>
  </testcase> <!-- validateButtonsVisibilityAndClickability -->
  <testcase classname="com.banking.tests.NavigationTest" name="verifyLogoRedirectsToHome" time="0.0">
    <ignored/>
  </testcase> <!-- verifyLogoRedirectsToHome -->
</testsuite> <!-- Default test -->
