<?xml version="1.0" encoding="UTF-8"?>
<testng-results ignored="0" total="1" passed="1" failed="0" skipped="0">
  <reporter-output>
  </reporter-output>
  <suite started-at="2025-12-18T20:57:53 IST" name="Default suite" finished-at="2025-12-18T20:58:07 IST" duration-ms="14066">
    <groups>
    </groups>
    <test started-at="2025-12-18T20:57:53 IST" name="Default test" finished-at="2025-12-18T20:58:07 IST" duration-ms="14066">
      <class name="com.banking.tests.NavigationTest">
        <test-method is-config="true" signature="setUp(java.lang.String)[pri:0, instance:com.banking.tests.NavigationTest@62379589]" started-at="2025-12-18T20:57:53 IST" name="setUp" finished-at="2025-12-18T20:57:57 IST" duration-ms="4076" status="PASS">
          <params>
            <param index="0">
              <value>
                <![CDATA[chrome]]>
              </value>
            </param>
          </params>
          <reporter-output>
          </reporter-output>
        </test-method> <!-- setUp -->
        <test-method is-config="true" signature="setup()[pri:0, instance:com.banking.tests.NavigationTest@62379589]" started-at="2025-12-18T20:57:57 IST" name="setup" finished-at="2025-12-18T20:58:04 IST" duration-ms="7457" status="PASS">
          <reporter-output>
          </reporter-output>
        </test-method> <!-- setup -->
        <test-method signature="validateContactSuccessPopup()[pri:0, instance:com.banking.tests.NavigationTest@62379589]" started-at="2025-12-18T20:58:04 IST" name="validateContactSuccessPopup" finished-at="2025-12-18T20:58:07 IST" duration-ms="2216" status="PASS">
          <reporter-output>
          </reporter-output>
        </test-method> <!-- validateContactSuccessPopup -->
        <test-method is-config="true" signature="tearDown()[pri:0, instance:com.banking.tests.NavigationTest@62379589]" started-at="2025-12-18T20:58:07 IST" name="tearDown" finished-at="2025-12-18T20:58:07 IST" duration-ms="265" status="PASS">
          <reporter-output>
          </reporter-output>
        </test-method> <!-- tearDown -->
      </class> <!-- com.banking.tests.NavigationTest -->
    </test> <!-- Default test -->
  </suite> <!-- Default suite -->
</testng-results>
