<?xml version="1.0" encoding="UTF-8"?>
<testng-results ignored="0" total="70" passed="33" failed="24" skipped="13">
  <reporter-output>
  </reporter-output>
  <suite started-at="2025-12-18T22:54:16 IST" name="Suite" finished-at="2025-12-18T23:03:58 IST" duration-ms="582327">
    <groups>
    </groups>
    <test started-at="2025-12-18T22:54:16 IST" name="Chrome Test" finished-at="2025-12-18T23:03:04 IST" duration-ms="528065">
      <class name="com.banking.tests.FundTransferTest">
        <test-method is-config="true" signature="setUp(java.lang.String)[pri:0, instance:com.banking.tests.FundTransferTest@41a2befb]" started-at="2025-12-18T22:58:18 IST" name="setUp" finished-at="2025-12-18T22:58:19 IST" duration-ms="801" status="PASS">
          <params>
            <param index="0">
              <value>
                <![CDATA[chrome]]>
              </value>
            </param>
          </params>
          <reporter-output>
          </reporter-output>
        </test-method> <!-- setUp -->
        <test-method is-config="true" signature="setup()[pri:0, instance:com.banking.tests.FundTransferTest@41a2befb]" started-at="2025-12-18T22:58:19 IST" name="setup" finished-at="2025-12-18T22:59:13 IST" duration-ms="54561" status="PASS">
          <reporter-output>
          </reporter-output>
        </test-method> <!-- setup -->
        <test-method signature="transferFundsSuccessfully()[pri:0, instance:com.banking.tests.FundTransferTest@41a2befb]" started-at="2025-12-18T22:59:13 IST" name="transferFundsSuccessfully" description="transferFundsSuccessfully" finished-at="2025-12-18T22:59:35 IST" duration-ms="21024" status="FAIL">
          <exception class="java.lang.Exception">
            <message>
              <![CDATA[Not enough accounts to select different accounts]]>
            </message>
            <full-stacktrace>
              <![CDATA[java.lang.Exception: Not enough accounts to select different accounts
at com.banking.pages.TransferFundsPage.selectDifferentAccounts(TransferFundsPage.java:32)
at com.banking.tests.FundTransferTest.transferFundsSuccessfully(FundTransferTest.java:35)
at java.base/jdk.internal.reflect.DirectMethodHandleAccessor.invoke(DirectMethodHandleAccessor.java:103)
at java.base/java.lang.reflect.Method.invoke(Method.java:580)
at org.testng.internal.invokers.MethodInvocationHelper.invokeMethod(MethodInvocationHelper.java:141)
at org.testng.internal.invokers.TestInvoker.invokeMethod(TestInvoker.java:686)
at org.testng.internal.invokers.TestInvoker.invokeTestMethod(TestInvoker.java:230)
at org.testng.internal.invokers.MethodRunner.runInSequence(MethodRunner.java:63)
at org.testng.internal.invokers.TestInvoker$MethodInvocationAgent.invoke(TestInvoker.java:992)
at org.testng.internal.invokers.TestInvoker.invokeTestMethods(TestInvoker.java:203)
at org.testng.internal.invokers.TestMethodWorker.invokeTestMethods(TestMethodWorker.java:154)
at org.testng.internal.invokers.TestMethodWorker.run(TestMethodWorker.java:134)
at java.base/java.util.ArrayList.forEach(ArrayList.java:1596)
at org.testng.TestRunner.privateRun(TestRunner.java:739)
at org.testng.TestRunner.run(TestRunner.java:614)
at org.testng.SuiteRunner.runTest(SuiteRunner.java:421)
at org.testng.SuiteRunner$SuiteWorker.run(SuiteRunner.java:463)
at org.testng.internal.thread.ThreadUtil.lambda$execute$0(ThreadUtil.java:64)
at java.base/java.util.concurrent.FutureTask.run(FutureTask.java:317)
at java.base/java.util.concurrent.ThreadPoolExecutor.runWorker(ThreadPoolExecutor.java:1144)
at java.base/java.util.concurrent.ThreadPoolExecutor$Worker.run(ThreadPoolExecutor.java:642)
at java.base/java.lang.Thread.run(Thread.java:1583)
]]>
            </full-stacktrace>
          </exception> <!-- java.lang.Exception -->
          <reporter-output>
          </reporter-output>
        </test-method> <!-- transferFundsSuccessfully -->
        <test-method is-config="true" signature="tearDown()[pri:0, instance:com.banking.tests.FundTransferTest@41a2befb]" started-at="2025-12-18T22:59:35 IST" name="tearDown" finished-at="2025-12-18T22:59:35 IST" duration-ms="234" status="PASS">
          <reporter-output>
          </reporter-output>
        </test-method> <!-- tearDown -->
        <test-method is-config="true" signature="setUp(java.lang.String)[pri:0, instance:com.banking.tests.FundTransferTest@41a2befb]" started-at="2025-12-18T22:59:35 IST" name="setUp" finished-at="2025-12-18T22:59:36 IST" duration-ms="806" status="PASS">
          <params>
            <param index="0">
              <value>
                <![CDATA[chrome]]>
              </value>
            </param>
          </params>
          <reporter-output>
          </reporter-output>
        </test-method> <!-- setUp -->
        <test-method is-config="true" signature="setup()[pri:0, instance:com.banking.tests.FundTransferTest@41a2befb]" started-at="2025-12-18T22:59:36 IST" name="setup" finished-at="2025-12-18T22:59:53 IST" duration-ms="17621" status="PASS">
          <reporter-output>
          </reporter-output>
        </test-method> <!-- setup -->
        <test-method signature="transferLargeOrDecimalAmount()[pri:0, instance:com.banking.tests.FundTransferTest@41a2befb]" started-at="2025-12-18T22:59:53 IST" name="transferLargeOrDecimalAmount" description="transferLargeOrDecimalAmount" finished-at="2025-12-18T22:59:57 IST" duration-ms="3915" status="FAIL">
          <exception class="org.openqa.selenium.NoSuchElementException">
            <message>
              <![CDATA[Cannot locate option with index: 1
For documentation on this error, please visit: https://www.selenium.dev/documentation/webdriver/troubleshooting/errors#no-such-element-exception
Build info: version: '4.34.0', revision: '707dcb4246*'
System info: os.name: 'Windows 11', os.arch: 'amd64', os.version: '10.0', java.version: '21.0.9'
Driver info: driver.version: unknown]]>
            </message>
            <full-stacktrace>
              <![CDATA[org.openqa.selenium.NoSuchElementException: Cannot locate option with index: 1
For documentation on this error, please visit: https://www.selenium.dev/documentation/webdriver/troubleshooting/errors#no-such-element-exception
Build info: version: '4.34.0', revision: '707dcb4246*'
System info: os.name: 'Windows 11', os.arch: 'amd64', os.version: '10.0', java.version: '21.0.9'
Driver info: driver.version: unknown
at org.openqa.selenium.support.ui.Select.setSelectedByIndex(Select.java:407)
at org.openqa.selenium.support.ui.Select.selectByIndex(Select.java:262)
at com.banking.pages.TransferFundsPage.selectDifferentAccounts(TransferFundsPage.java:39)
at com.banking.tests.FundTransferTest.transferLargeOrDecimalAmount(FundTransferTest.java:77)
at java.base/jdk.internal.reflect.DirectMethodHandleAccessor.invoke(DirectMethodHandleAccessor.java:103)
at java.base/java.lang.reflect.Method.invoke(Method.java:580)
at org.testng.internal.invokers.MethodInvocationHelper.invokeMethod(MethodInvocationHelper.java:141)
at org.testng.internal.invokers.TestInvoker.invokeMethod(TestInvoker.java:686)
at org.testng.internal.invokers.TestInvoker.invokeTestMethod(TestInvoker.java:230)
at org.testng.internal.invokers.MethodRunner.runInSequence(MethodRunner.java:63)
at org.testng.internal.invokers.TestInvoker$MethodInvocationAgent.invoke(TestInvoker.java:992)
at org.testng.internal.invokers.TestInvoker.invokeTestMethods(TestInvoker.java:203)
at org.testng.internal.invokers.TestMethodWorker.invokeTestMethods(TestMethodWorker.java:154)
at org.testng.internal.invokers.TestMethodWorker.run(TestMethodWorker.java:134)
at java.base/java.util.ArrayList.forEach(ArrayList.java:1596)
at org.testng.TestRunner.privateRun(TestRunner.java:739)
at org.testng.TestRunner.run(TestRunner.java:614)
at org.testng.SuiteRunner.runTest(SuiteRunner.java:421)
at org.testng.SuiteRunner$SuiteWorker.run(SuiteRunner.java:463)
at org.testng.internal.thread.ThreadUtil.lambda$execute$0(ThreadUtil.java:64)
at java.base/java.util.concurrent.FutureTask.run(FutureTask.java:317)
at java.base/java.util.concurrent.ThreadPoolExecutor.runWorker(ThreadPoolExecutor.java:1144)
at java.base/java.util.concurrent.ThreadPoolExecutor$Worker.run(ThreadPoolExecutor.java:642)
at java.base/java.lang.Thread.run(Thread.java:1583)
]]>
            </full-stacktrace>
          </exception> <!-- org.openqa.selenium.NoSuchElementException -->
          <reporter-output>
          </reporter-output>
        </test-method> <!-- transferLargeOrDecimalAmount -->
        <test-method is-config="true" signature="tearDown()[pri:0, instance:com.banking.tests.FundTransferTest@41a2befb]" started-at="2025-12-18T22:59:57 IST" name="tearDown" finished-at="2025-12-18T22:59:57 IST" duration-ms="262" status="PASS">
          <reporter-output>
          </reporter-output>
        </test-method> <!-- tearDown -->
        <test-method is-config="true" signature="setUp(java.lang.String)[pri:0, instance:com.banking.tests.FundTransferTest@41a2befb]" started-at="2025-12-18T22:59:57 IST" name="setUp" finished-at="2025-12-18T22:59:58 IST" duration-ms="817" status="PASS">
          <params>
            <param index="0">
              <value>
                <![CDATA[chrome]]>
              </value>
            </param>
          </params>
          <reporter-output>
          </reporter-output>
        </test-method> <!-- setUp -->
        <test-method is-config="true" signature="setup()[pri:0, instance:com.banking.tests.FundTransferTest@41a2befb]" started-at="2025-12-18T22:59:58 IST" name="setup" finished-at="2025-12-18T23:00:34 IST" duration-ms="36141" status="PASS">
          <reporter-output>
          </reporter-output>
        </test-method> <!-- setup -->
        <test-method signature="transferToSameAccount()[pri:0, instance:com.banking.tests.FundTransferTest@41a2befb]" started-at="2025-12-18T23:00:34 IST" name="transferToSameAccount" description="transferToSameAccount" finished-at="2025-12-18T23:00:43 IST" duration-ms="8697" status="PASS">
          <reporter-output>
          </reporter-output>
        </test-method> <!-- transferToSameAccount -->
        <test-method is-config="true" signature="tearDown()[pri:0, instance:com.banking.tests.FundTransferTest@41a2befb]" started-at="2025-12-18T23:00:43 IST" name="tearDown" finished-at="2025-12-18T23:00:43 IST" duration-ms="215" status="PASS">
          <reporter-output>
          </reporter-output>
        </test-method> <!-- tearDown -->
        <test-method is-config="true" signature="setUp(java.lang.String)[pri:0, instance:com.banking.tests.FundTransferTest@41a2befb]" started-at="2025-12-18T23:00:43 IST" name="setUp" finished-at="2025-12-18T23:00:44 IST" duration-ms="781" status="PASS">
          <params>
            <param index="0">
              <value>
                <![CDATA[chrome]]>
              </value>
            </param>
          </params>
          <reporter-output>
          </reporter-output>
        </test-method> <!-- setUp -->
        <test-method is-config="true" signature="setup()[pri:0, instance:com.banking.tests.FundTransferTest@41a2befb]" started-at="2025-12-18T23:00:44 IST" name="setup" finished-at="2025-12-18T23:00:50 IST" duration-ms="5660" status="PASS">
          <reporter-output>
          </reporter-output>
        </test-method> <!-- setup -->
        <test-method signature="transferWithEmptyFields()[pri:0, instance:com.banking.tests.FundTransferTest@41a2befb]" started-at="2025-12-18T23:00:50 IST" name="transferWithEmptyFields" description="transferWithEmptyFields" finished-at="2025-12-18T23:00:56 IST" duration-ms="6619" status="PASS">
          <reporter-output>
          </reporter-output>
        </test-method> <!-- transferWithEmptyFields -->
        <test-method is-config="true" signature="tearDown()[pri:0, instance:com.banking.tests.FundTransferTest@41a2befb]" started-at="2025-12-18T23:00:56 IST" name="tearDown" finished-at="2025-12-18T23:00:57 IST" duration-ms="236" status="PASS">
          <reporter-output>
          </reporter-output>
        </test-method> <!-- tearDown -->
        <test-method is-config="true" signature="setUp(java.lang.String)[pri:0, instance:com.banking.tests.FundTransferTest@41a2befb]" started-at="2025-12-18T23:00:57 IST" name="setUp" finished-at="2025-12-18T23:00:57 IST" duration-ms="800" status="PASS">
          <params>
            <param index="0">
              <value>
                <![CDATA[chrome]]>
              </value>
            </param>
          </params>
          <reporter-output>
          </reporter-output>
        </test-method> <!-- setUp -->
        <test-method is-config="true" signature="setup()[pri:0, instance:com.banking.tests.FundTransferTest@41a2befb]" started-at="2025-12-18T23:00:57 IST" name="setup" finished-at="2025-12-18T23:01:02 IST" duration-ms="4286" status="PASS">
          <reporter-output>
          </reporter-output>
        </test-method> <!-- setup -->
        <test-method signature="transferWithInsufficientBalance()[pri:0, instance:com.banking.tests.FundTransferTest@41a2befb]" started-at="2025-12-18T23:01:02 IST" name="transferWithInsufficientBalance" description="transferWithInsufficientBalance" finished-at="2025-12-18T23:01:05 IST" duration-ms="3550" status="FAIL">
          <exception class="org.openqa.selenium.NoSuchElementException">
            <message>
              <![CDATA[Cannot locate option with index: 1
For documentation on this error, please visit: https://www.selenium.dev/documentation/webdriver/troubleshooting/errors#no-such-element-exception
Build info: version: '4.34.0', revision: '707dcb4246*'
System info: os.name: 'Windows 11', os.arch: 'amd64', os.version: '10.0', java.version: '21.0.9'
Driver info: driver.version: unknown]]>
            </message>
            <full-stacktrace>
              <![CDATA[org.openqa.selenium.NoSuchElementException: Cannot locate option with index: 1
For documentation on this error, please visit: https://www.selenium.dev/documentation/webdriver/troubleshooting/errors#no-such-element-exception
Build info: version: '4.34.0', revision: '707dcb4246*'
System info: os.name: 'Windows 11', os.arch: 'amd64', os.version: '10.0', java.version: '21.0.9'
Driver info: driver.version: unknown
at org.openqa.selenium.support.ui.Select.setSelectedByIndex(Select.java:407)
at org.openqa.selenium.support.ui.Select.selectByIndex(Select.java:262)
at com.banking.pages.TransferFundsPage.selectDifferentAccounts(TransferFundsPage.java:39)
at com.banking.tests.FundTransferTest.transferWithInsufficientBalance(FundTransferTest.java:50)
at java.base/jdk.internal.reflect.DirectMethodHandleAccessor.invoke(DirectMethodHandleAccessor.java:103)
at java.base/java.lang.reflect.Method.invoke(Method.java:580)
at org.testng.internal.invokers.MethodInvocationHelper.invokeMethod(MethodInvocationHelper.java:141)
at org.testng.internal.invokers.TestInvoker.invokeMethod(TestInvoker.java:686)
at org.testng.internal.invokers.TestInvoker.invokeTestMethod(TestInvoker.java:230)
at org.testng.internal.invokers.MethodRunner.runInSequence(MethodRunner.java:63)
at org.testng.internal.invokers.TestInvoker$MethodInvocationAgent.invoke(TestInvoker.java:992)
at org.testng.internal.invokers.TestInvoker.invokeTestMethods(TestInvoker.java:203)
at org.testng.internal.invokers.TestMethodWorker.invokeTestMethods(TestMethodWorker.java:154)
at org.testng.internal.invokers.TestMethodWorker.run(TestMethodWorker.java:134)
at java.base/java.util.ArrayList.forEach(ArrayList.java:1596)
at org.testng.TestRunner.privateRun(TestRunner.java:739)
at org.testng.TestRunner.run(TestRunner.java:614)
at org.testng.SuiteRunner.runTest(SuiteRunner.java:421)
at org.testng.SuiteRunner$SuiteWorker.run(SuiteRunner.java:463)
at org.testng.internal.thread.ThreadUtil.lambda$execute$0(ThreadUtil.java:64)
at java.base/java.util.concurrent.FutureTask.run(FutureTask.java:317)
at java.base/java.util.concurrent.ThreadPoolExecutor.runWorker(ThreadPoolExecutor.java:1144)
at java.base/java.util.concurrent.ThreadPoolExecutor$Worker.run(ThreadPoolExecutor.java:642)
at java.base/java.lang.Thread.run(Thread.java:1583)
]]>
            </full-stacktrace>
          </exception> <!-- org.openqa.selenium.NoSuchElementException -->
          <reporter-output>
          </reporter-output>
        </test-method> <!-- transferWithInsufficientBalance -->
        <test-method is-config="true" signature="tearDown()[pri:0, instance:com.banking.tests.FundTransferTest@41a2befb]" started-at="2025-12-18T23:01:05 IST" name="tearDown" finished-at="2025-12-18T23:01:05 IST" duration-ms="252" status="PASS">
          <reporter-output>
          </reporter-output>
        </test-method> <!-- tearDown -->
        <test-method is-config="true" signature="setUp(java.lang.String)[pri:0, instance:com.banking.tests.FundTransferTest@41a2befb]" started-at="2025-12-18T23:01:05 IST" name="setUp" finished-at="2025-12-18T23:01:06 IST" duration-ms="908" status="PASS">
          <params>
            <param index="0">
              <value>
                <![CDATA[chrome]]>
              </value>
            </param>
          </params>
          <reporter-output>
          </reporter-output>
        </test-method> <!-- setUp -->
        <test-method is-config="true" signature="setup()[pri:0, instance:com.banking.tests.FundTransferTest@41a2befb]" started-at="2025-12-18T23:01:06 IST" name="setup" finished-at="2025-12-18T23:01:12 IST" duration-ms="5558" status="PASS">
          <reporter-output>
          </reporter-output>
        </test-method> <!-- setup -->
        <test-method signature="validateTransferConfirmationAndUpdatedBalance()[pri:0, instance:com.banking.tests.FundTransferTest@41a2befb]" started-at="2025-12-18T23:01:12 IST" name="validateTransferConfirmationAndUpdatedBalance" description="validateTransferConfirmationAndUpdatedBalance" finished-at="2025-12-18T23:01:18 IST" duration-ms="6535" status="FAIL">
          <exception class="org.openqa.selenium.NoSuchElementException">
            <message>
              <![CDATA[Cannot locate option with index: 1
For documentation on this error, please visit: https://www.selenium.dev/documentation/webdriver/troubleshooting/errors#no-such-element-exception
Build info: version: '4.34.0', revision: '707dcb4246*'
System info: os.name: 'Windows 11', os.arch: 'amd64', os.version: '10.0', java.version: '21.0.9'
Driver info: driver.version: unknown]]>
            </message>
            <full-stacktrace>
              <![CDATA[org.openqa.selenium.NoSuchElementException: Cannot locate option with index: 1
For documentation on this error, please visit: https://www.selenium.dev/documentation/webdriver/troubleshooting/errors#no-such-element-exception
Build info: version: '4.34.0', revision: '707dcb4246*'
System info: os.name: 'Windows 11', os.arch: 'amd64', os.version: '10.0', java.version: '21.0.9'
Driver info: driver.version: unknown
at org.openqa.selenium.support.ui.Select.setSelectedByIndex(Select.java:407)
at org.openqa.selenium.support.ui.Select.selectByIndex(Select.java:262)
at com.banking.pages.TransferFundsPage.selectDifferentAccounts(TransferFundsPage.java:39)
at com.banking.tests.FundTransferTest.validateTransferConfirmationAndUpdatedBalance(FundTransferTest.java:111)
at java.base/jdk.internal.reflect.DirectMethodHandleAccessor.invoke(DirectMethodHandleAccessor.java:103)
at java.base/java.lang.reflect.Method.invoke(Method.java:580)
at org.testng.internal.invokers.MethodInvocationHelper.invokeMethod(MethodInvocationHelper.java:141)
at org.testng.internal.invokers.TestInvoker.invokeMethod(TestInvoker.java:686)
at org.testng.internal.invokers.TestInvoker.invokeTestMethod(TestInvoker.java:230)
at org.testng.internal.invokers.MethodRunner.runInSequence(MethodRunner.java:63)
at org.testng.internal.invokers.TestInvoker$MethodInvocationAgent.invoke(TestInvoker.java:992)
at org.testng.internal.invokers.TestInvoker.invokeTestMethods(TestInvoker.java:203)
at org.testng.internal.invokers.TestMethodWorker.invokeTestMethods(TestMethodWorker.java:154)
at org.testng.internal.invokers.TestMethodWorker.run(TestMethodWorker.java:134)
at java.base/java.util.ArrayList.forEach(ArrayList.java:1596)
at org.testng.TestRunner.privateRun(TestRunner.java:739)
at org.testng.TestRunner.run(TestRunner.java:614)
at org.testng.SuiteRunner.runTest(SuiteRunner.java:421)
at org.testng.SuiteRunner$SuiteWorker.run(SuiteRunner.java:463)
at org.testng.internal.thread.ThreadUtil.lambda$execute$0(ThreadUtil.java:64)
at java.base/java.util.concurrent.FutureTask.run(FutureTask.java:317)
at java.base/java.util.concurrent.ThreadPoolExecutor.runWorker(ThreadPoolExecutor.java:1144)
at java.base/java.util.concurrent.ThreadPoolExecutor$Worker.run(ThreadPoolExecutor.java:642)
at java.base/java.lang.Thread.run(Thread.java:1583)
]]>
            </full-stacktrace>
          </exception> <!-- org.openqa.selenium.NoSuchElementException -->
          <reporter-output>
          </reporter-output>
        </test-method> <!-- validateTransferConfirmationAndUpdatedBalance -->
        <test-method is-config="true" signature="tearDown()[pri:0, instance:com.banking.tests.FundTransferTest@41a2befb]" started-at="2025-12-18T23:01:18 IST" name="tearDown" finished-at="2025-12-18T23:01:19 IST" duration-ms="269" status="PASS">
          <reporter-output>
          </reporter-output>
        </test-method> <!-- tearDown -->
      </class> <!-- com.banking.tests.FundTransferTest -->
      <class name="com.banking.tests.SupportTest">
        <test-method is-config="true" signature="setUp(java.lang.String)[pri:0, instance:com.banking.tests.SupportTest@6c40365c]" started-at="2025-12-18T23:01:19 IST" name="setUp" finished-at="2025-12-18T23:01:20 IST" duration-ms="816" status="PASS">
          <params>
            <param index="0">
              <value>
                <![CDATA[chrome]]>
              </value>
            </param>
          </params>
          <reporter-output>
          </reporter-output>
        </test-method> <!-- setUp -->
        <test-method signature="testOpenSupportForm()[pri:0, instance:com.banking.tests.SupportTest@6c40365c]" started-at="2025-12-18T23:01:20 IST" name="testOpenSupportForm" description="testOpenSupportForm" finished-at="2025-12-18T23:01:28 IST" duration-ms="8855" status="PASS">
          <reporter-output>
          </reporter-output>
        </test-method> <!-- testOpenSupportForm -->
        <test-method is-config="true" signature="tearDown()[pri:0, instance:com.banking.tests.SupportTest@6c40365c]" started-at="2025-12-18T23:01:28 IST" name="tearDown" finished-at="2025-12-18T23:01:29 IST" duration-ms="237" status="PASS">
          <reporter-output>
          </reporter-output>
        </test-method> <!-- tearDown -->
        <test-method is-config="true" signature="setUp(java.lang.String)[pri:0, instance:com.banking.tests.SupportTest@6c40365c]" started-at="2025-12-18T23:01:29 IST" name="setUp" finished-at="2025-12-18T23:01:29 IST" duration-ms="800" status="PASS">
          <params>
            <param index="0">
              <value>
                <![CDATA[chrome]]>
              </value>
            </param>
          </params>
          <reporter-output>
          </reporter-output>
        </test-method> <!-- setUp -->
        <test-method signature="testSubmitFormWithEmptyFields()[pri:0, instance:com.banking.tests.SupportTest@6c40365c]" started-at="2025-12-18T23:01:29 IST" name="testSubmitFormWithEmptyFields" description="testSubmitFormWithEmptyFields" finished-at="2025-12-18T23:01:33 IST" duration-ms="3889" status="FAIL">
          <exception class="java.lang.NullPointerException">
            <message>
              <![CDATA[Cannot invoke "org.openqa.selenium.WebElement.click()" because "this.submitButton" is null]]>
            </message>
            <full-stacktrace>
              <![CDATA[java.lang.NullPointerException: Cannot invoke "org.openqa.selenium.WebElement.click()" because "this.submitButton" is null
at com.banking.pages.SupportPage.submitForm(SupportPage.java:49)
at com.banking.tests.SupportTest.testSubmitFormWithEmptyFields(SupportTest.java:49)
at java.base/jdk.internal.reflect.DirectMethodHandleAccessor.invoke(DirectMethodHandleAccessor.java:103)
at java.base/java.lang.reflect.Method.invoke(Method.java:580)
at org.testng.internal.invokers.MethodInvocationHelper.invokeMethod(MethodInvocationHelper.java:141)
at org.testng.internal.invokers.TestInvoker.invokeMethod(TestInvoker.java:686)
at org.testng.internal.invokers.TestInvoker.invokeTestMethod(TestInvoker.java:230)
at org.testng.internal.invokers.MethodRunner.runInSequence(MethodRunner.java:63)
at org.testng.internal.invokers.TestInvoker$MethodInvocationAgent.invoke(TestInvoker.java:992)
at org.testng.internal.invokers.TestInvoker.invokeTestMethods(TestInvoker.java:203)
at org.testng.internal.invokers.TestMethodWorker.invokeTestMethods(TestMethodWorker.java:154)
at org.testng.internal.invokers.TestMethodWorker.run(TestMethodWorker.java:134)
at java.base/java.util.ArrayList.forEach(ArrayList.java:1596)
at org.testng.TestRunner.privateRun(TestRunner.java:739)
at org.testng.TestRunner.run(TestRunner.java:614)
at org.testng.SuiteRunner.runTest(SuiteRunner.java:421)
at org.testng.SuiteRunner$SuiteWorker.run(SuiteRunner.java:463)
at org.testng.internal.thread.ThreadUtil.lambda$execute$0(ThreadUtil.java:64)
at java.base/java.util.concurrent.FutureTask.run(FutureTask.java:317)
at java.base/java.util.concurrent.ThreadPoolExecutor.runWorker(ThreadPoolExecutor.java:1144)
at java.base/java.util.concurrent.ThreadPoolExecutor$Worker.run(ThreadPoolExecutor.java:642)
at java.base/java.lang.Thread.run(Thread.java:1583)
]]>
            </full-stacktrace>
          </exception> <!-- java.lang.NullPointerException -->
          <reporter-output>
          </reporter-output>
        </test-method> <!-- testSubmitFormWithEmptyFields -->
        <test-method is-config="true" signature="tearDown()[pri:0, instance:com.banking.tests.SupportTest@6c40365c]" started-at="2025-12-18T23:01:33 IST" name="tearDown" finished-at="2025-12-18T23:01:34 IST" duration-ms="240" status="PASS">
          <reporter-output>
          </reporter-output>
        </test-method> <!-- tearDown -->
        <test-method is-config="true" signature="setUp(java.lang.String)[pri:0, instance:com.banking.tests.SupportTest@6c40365c]" started-at="2025-12-18T23:01:34 IST" name="setUp" finished-at="2025-12-18T23:01:34 IST" duration-ms="795" status="PASS">
          <params>
            <param index="0">
              <value>
                <![CDATA[chrome]]>
              </value>
            </param>
          </params>
          <reporter-output>
          </reporter-output>
        </test-method> <!-- setUp -->
        <test-method signature="testSubmitFormWithValidData()[pri:0, instance:com.banking.tests.SupportTest@6c40365c]" started-at="2025-12-18T23:01:34 IST" name="testSubmitFormWithValidData" description="testSubmitFormWithValidData" finished-at="2025-12-18T23:01:40 IST" duration-ms="5211" status="FAIL">
          <exception class="java.lang.NullPointerException">
            <message>
              <![CDATA[Cannot invoke "org.openqa.selenium.WebElement.clear()" because "this.nameField" is null]]>
            </message>
            <full-stacktrace>
              <![CDATA[java.lang.NullPointerException: Cannot invoke "org.openqa.selenium.WebElement.clear()" because "this.nameField" is null
at com.banking.pages.SupportPage.fillForm(SupportPage.java:38)
at com.banking.tests.SupportTest.testSubmitFormWithValidData(SupportTest.java:33)
at java.base/jdk.internal.reflect.DirectMethodHandleAccessor.invoke(DirectMethodHandleAccessor.java:103)
at java.base/java.lang.reflect.Method.invoke(Method.java:580)
at org.testng.internal.invokers.MethodInvocationHelper.invokeMethod(MethodInvocationHelper.java:141)
at org.testng.internal.invokers.TestInvoker.invokeMethod(TestInvoker.java:686)
at org.testng.internal.invokers.TestInvoker.invokeTestMethod(TestInvoker.java:230)
at org.testng.internal.invokers.MethodRunner.runInSequence(MethodRunner.java:63)
at org.testng.internal.invokers.TestInvoker$MethodInvocationAgent.invoke(TestInvoker.java:992)
at org.testng.internal.invokers.TestInvoker.invokeTestMethods(TestInvoker.java:203)
at org.testng.internal.invokers.TestMethodWorker.invokeTestMethods(TestMethodWorker.java:154)
at org.testng.internal.invokers.TestMethodWorker.run(TestMethodWorker.java:134)
at java.base/java.util.ArrayList.forEach(ArrayList.java:1596)
at org.testng.TestRunner.privateRun(TestRunner.java:739)
at org.testng.TestRunner.run(TestRunner.java:614)
at org.testng.SuiteRunner.runTest(SuiteRunner.java:421)
at org.testng.SuiteRunner$SuiteWorker.run(SuiteRunner.java:463)
at org.testng.internal.thread.ThreadUtil.lambda$execute$0(ThreadUtil.java:64)
at java.base/java.util.concurrent.FutureTask.run(FutureTask.java:317)
at java.base/java.util.concurrent.ThreadPoolExecutor.runWorker(ThreadPoolExecutor.java:1144)
at java.base/java.util.concurrent.ThreadPoolExecutor$Worker.run(ThreadPoolExecutor.java:642)
at java.base/java.lang.Thread.run(Thread.java:1583)
]]>
            </full-stacktrace>
          </exception> <!-- java.lang.NullPointerException -->
          <reporter-output>
          </reporter-output>
        </test-method> <!-- testSubmitFormWithValidData -->
        <test-method is-config="true" signature="tearDown()[pri:0, instance:com.banking.tests.SupportTest@6c40365c]" started-at="2025-12-18T23:01:40 IST" name="tearDown" finished-at="2025-12-18T23:01:40 IST" duration-ms="206" status="PASS">
          <reporter-output>
          </reporter-output>
        </test-method> <!-- tearDown -->
      </class> <!-- com.banking.tests.SupportTest -->
      <class name="com.banking.tests.LoanRequestTest">
        <test-method is-config="true" signature="setUp(java.lang.String)[pri:0, instance:com.banking.tests.LoanRequestTest@77f1baf5]" started-at="2025-12-18T22:56:18 IST" name="setUp" finished-at="2025-12-18T22:56:19 IST" duration-ms="871" status="PASS">
          <params>
            <param index="0">
              <value>
                <![CDATA[chrome]]>
              </value>
            </param>
          </params>
          <reporter-output>
          </reporter-output>
        </test-method> <!-- setUp -->
        <test-method is-config="true" signature="setup()[pri:0, instance:com.banking.tests.LoanRequestTest@77f1baf5]" started-at="2025-12-18T22:56:19 IST" name="setup" finished-at="2025-12-18T22:56:46 IST" duration-ms="27536" status="PASS">
          <reporter-output>
          </reporter-output>
        </test-method> <!-- setup -->
        <test-method signature="submitLoanRequestExceedingLimit()[pri:0, instance:com.banking.tests.LoanRequestTest@77f1baf5]" started-at="2025-12-18T22:56:46 IST" name="submitLoanRequestExceedingLimit" description="submitLoanRequestExceedingLimit" finished-at="2025-12-18T22:56:50 IST" duration-ms="3507" status="PASS">
          <reporter-output>
          </reporter-output>
        </test-method> <!-- submitLoanRequestExceedingLimit -->
        <test-method is-config="true" signature="tearDown()[pri:0, instance:com.banking.tests.LoanRequestTest@77f1baf5]" started-at="2025-12-18T22:56:50 IST" name="tearDown" finished-at="2025-12-18T22:56:50 IST" duration-ms="220" status="PASS">
          <reporter-output>
          </reporter-output>
        </test-method> <!-- tearDown -->
        <test-method is-config="true" signature="setUp(java.lang.String)[pri:0, instance:com.banking.tests.LoanRequestTest@77f1baf5]" started-at="2025-12-18T22:56:50 IST" name="setUp" finished-at="2025-12-18T22:56:51 IST" duration-ms="804" status="PASS">
          <params>
            <param index="0">
              <value>
                <![CDATA[chrome]]>
              </value>
            </param>
          </params>
          <reporter-output>
          </reporter-output>
        </test-method> <!-- setUp -->
        <test-method is-config="true" signature="setup()[pri:0, instance:com.banking.tests.LoanRequestTest@77f1baf5]" started-at="2025-12-18T22:56:51 IST" name="setup" finished-at="2025-12-18T22:57:03 IST" duration-ms="12098" status="PASS">
          <reporter-output>
          </reporter-output>
        </test-method> <!-- setup -->
        <test-method signature="submitLoanRequestWithMissingInfo()[pri:0, instance:com.banking.tests.LoanRequestTest@77f1baf5]" started-at="2025-12-18T22:57:03 IST" name="submitLoanRequestWithMissingInfo" description="submitLoanRequestWithMissingInfo" finished-at="2025-12-18T22:57:03 IST" duration-ms="639" status="PASS">
          <reporter-output>
          </reporter-output>
        </test-method> <!-- submitLoanRequestWithMissingInfo -->
        <test-method is-config="true" signature="tearDown()[pri:0, instance:com.banking.tests.LoanRequestTest@77f1baf5]" started-at="2025-12-18T22:57:03 IST" name="tearDown" finished-at="2025-12-18T22:57:04 IST" duration-ms="236" status="PASS">
          <reporter-output>
          </reporter-output>
        </test-method> <!-- tearDown -->
        <test-method is-config="true" signature="setUp(java.lang.String)[pri:0, instance:com.banking.tests.LoanRequestTest@77f1baf5]" started-at="2025-12-18T22:57:04 IST" name="setUp" finished-at="2025-12-18T22:57:04 IST" duration-ms="917" status="PASS">
          <params>
            <param index="0">
              <value>
                <![CDATA[chrome]]>
              </value>
            </param>
          </params>
          <reporter-output>
          </reporter-output>
        </test-method> <!-- setUp -->
        <test-method is-config="true" signature="setup()[pri:0, instance:com.banking.tests.LoanRequestTest@77f1baf5]" started-at="2025-12-18T22:57:04 IST" name="setup" finished-at="2025-12-18T22:57:20 IST" duration-ms="15774" status="PASS">
          <reporter-output>
          </reporter-output>
        </test-method> <!-- setup -->
        <test-method signature="submitLoanRequestWithValidDetails()[pri:0, instance:com.banking.tests.LoanRequestTest@77f1baf5]" started-at="2025-12-18T22:57:20 IST" name="submitLoanRequestWithValidDetails" description="submitLoanRequestWithValidDetails" finished-at="2025-12-18T22:57:23 IST" duration-ms="2938" status="PASS">
          <reporter-output>
          </reporter-output>
        </test-method> <!-- submitLoanRequestWithValidDetails -->
        <test-method is-config="true" signature="tearDown()[pri:0, instance:com.banking.tests.LoanRequestTest@77f1baf5]" started-at="2025-12-18T22:57:23 IST" name="tearDown" finished-at="2025-12-18T22:57:23 IST" duration-ms="204" status="PASS">
          <reporter-output>
          </reporter-output>
        </test-method> <!-- tearDown -->
        <test-method is-config="true" signature="setUp(java.lang.String)[pri:0, instance:com.banking.tests.LoanRequestTest@77f1baf5]" started-at="2025-12-18T22:57:23 IST" name="setUp" finished-at="2025-12-18T22:57:24 IST" duration-ms="811" status="PASS">
          <params>
            <param index="0">
              <value>
                <![CDATA[chrome]]>
              </value>
            </param>
          </params>
          <reporter-output>
          </reporter-output>
        </test-method> <!-- setUp -->
        <test-method is-config="true" signature="setup()[pri:0, instance:com.banking.tests.LoanRequestTest@77f1baf5]" started-at="2025-12-18T22:57:24 IST" name="setup" finished-at="2025-12-18T22:58:17 IST" duration-ms="52310" status="PASS">
          <reporter-output>
          </reporter-output>
        </test-method> <!-- setup -->
        <test-method signature="verifyLoanRequestStatusAndResult()[pri:0, instance:com.banking.tests.LoanRequestTest@77f1baf5]" started-at="2025-12-18T22:58:17 IST" name="verifyLoanRequestStatusAndResult" description="verifyLoanRequestStatusAndResult" finished-at="2025-12-18T22:58:18 IST" duration-ms="1303" status="PASS">
          <reporter-output>
          </reporter-output>
        </test-method> <!-- verifyLoanRequestStatusAndResult -->
        <test-method is-config="true" signature="tearDown()[pri:0, instance:com.banking.tests.LoanRequestTest@77f1baf5]" started-at="2025-12-18T22:58:18 IST" name="tearDown" finished-at="2025-12-18T22:58:18 IST" duration-ms="316" status="PASS">
          <reporter-output>
          </reporter-output>
        </test-method> <!-- tearDown -->
      </class> <!-- com.banking.tests.LoanRequestTest -->
      <class name="com.banking.tests.NavigationTest">
        <test-method is-config="true" signature="setUp(java.lang.String)[pri:0, instance:com.banking.tests.NavigationTest@131ef10]" started-at="2025-12-18T23:02:08 IST" name="setUp" finished-at="2025-12-18T23:02:09 IST" duration-ms="883" status="PASS">
          <params>
            <param index="0">
              <value>
                <![CDATA[chrome]]>
              </value>
            </param>
          </params>
          <reporter-output>
          </reporter-output>
        </test-method> <!-- setUp -->
        <test-method is-config="true" signature="setup()[pri:0, instance:com.banking.tests.NavigationTest@131ef10]" started-at="2025-12-18T23:02:09 IST" name="setup" finished-at="2025-12-18T23:02:15 IST" duration-ms="6547" status="PASS">
          <reporter-output>
          </reporter-output>
        </test-method> <!-- setup -->
        <test-method signature="navigateThroughTopNavLinks()[pri:0, instance:com.banking.tests.NavigationTest@131ef10]" started-at="2025-12-18T23:02:15 IST" name="navigateThroughTopNavLinks" description="navigateThroughTopNavLinks" finished-at="2025-12-18T23:02:18 IST" duration-ms="2652" status="PASS">
          <reporter-output>
          </reporter-output>
        </test-method> <!-- navigateThroughTopNavLinks -->
        <test-method is-config="true" signature="tearDown()[pri:0, instance:com.banking.tests.NavigationTest@131ef10]" started-at="2025-12-18T23:02:18 IST" name="tearDown" finished-at="2025-12-18T23:02:18 IST" duration-ms="214" status="PASS">
          <reporter-output>
          </reporter-output>
        </test-method> <!-- tearDown -->
        <test-method is-config="true" signature="setUp(java.lang.String)[pri:0, instance:com.banking.tests.NavigationTest@131ef10]" started-at="2025-12-18T23:02:18 IST" name="setUp" finished-at="2025-12-18T23:02:19 IST" duration-ms="866" status="PASS">
          <params>
            <param index="0">
              <value>
                <![CDATA[chrome]]>
              </value>
            </param>
          </params>
          <reporter-output>
          </reporter-output>
        </test-method> <!-- setUp -->
        <test-method is-config="true" signature="setup()[pri:0, instance:com.banking.tests.NavigationTest@131ef10]" started-at="2025-12-18T23:02:19 IST" name="setup" finished-at="2025-12-18T23:02:36 IST" duration-ms="17266" status="PASS">
          <reporter-output>
          </reporter-output>
        </test-method> <!-- setup -->
        <test-method signature="validateButtonsVisibilityAndClickability()[pri:0, instance:com.banking.tests.NavigationTest@131ef10]" started-at="2025-12-18T23:02:36 IST" name="validateButtonsVisibilityAndClickability" description="validateButtonsVisibilityAndClickability" finished-at="2025-12-18T23:02:40 IST" duration-ms="3621" status="PASS">
          <reporter-output>
          </reporter-output>
        </test-method> <!-- validateButtonsVisibilityAndClickability -->
        <test-method is-config="true" signature="tearDown()[pri:0, instance:com.banking.tests.NavigationTest@131ef10]" started-at="2025-12-18T23:02:40 IST" name="tearDown" finished-at="2025-12-18T23:02:40 IST" duration-ms="251" status="PASS">
          <reporter-output>
          </reporter-output>
        </test-method> <!-- tearDown -->
        <test-method is-config="true" signature="setUp(java.lang.String)[pri:0, instance:com.banking.tests.NavigationTest@131ef10]" started-at="2025-12-18T23:02:40 IST" name="setUp" finished-at="2025-12-18T23:02:41 IST" duration-ms="793" status="PASS">
          <params>
            <param index="0">
              <value>
                <![CDATA[chrome]]>
              </value>
            </param>
          </params>
          <reporter-output>
          </reporter-output>
        </test-method> <!-- setUp -->
        <test-method is-config="true" signature="setup()[pri:0, instance:com.banking.tests.NavigationTest@131ef10]" started-at="2025-12-18T23:02:41 IST" name="setup" finished-at="2025-12-18T23:02:46 IST" duration-ms="4645" status="PASS">
          <reporter-output>
          </reporter-output>
        </test-method> <!-- setup -->
        <test-method signature="validateContactSuccessPopup()[pri:0, instance:com.banking.tests.NavigationTest@131ef10]" started-at="2025-12-18T23:02:46 IST" name="validateContactSuccessPopup" description="validateContactSuccessPopup" finished-at="2025-12-18T23:02:52 IST" duration-ms="5790" status="PASS">
          <reporter-output>
          </reporter-output>
        </test-method> <!-- validateContactSuccessPopup -->
        <test-method is-config="true" signature="tearDown()[pri:0, instance:com.banking.tests.NavigationTest@131ef10]" started-at="2025-12-18T23:02:52 IST" name="tearDown" finished-at="2025-12-18T23:02:52 IST" duration-ms="205" status="PASS">
          <reporter-output>
          </reporter-output>
        </test-method> <!-- tearDown -->
        <test-method is-config="true" signature="setUp(java.lang.String)[pri:0, instance:com.banking.tests.NavigationTest@131ef10]" started-at="2025-12-18T23:02:52 IST" name="setUp" finished-at="2025-12-18T23:02:53 IST" duration-ms="904" status="PASS">
          <params>
            <param index="0">
              <value>
                <![CDATA[chrome]]>
              </value>
            </param>
          </params>
          <reporter-output>
          </reporter-output>
        </test-method> <!-- setUp -->
        <test-method is-config="true" signature="setup()[pri:0, instance:com.banking.tests.NavigationTest@131ef10]" started-at="2025-12-18T23:02:53 IST" name="setup" finished-at="2025-12-18T23:02:59 IST" duration-ms="6728" status="PASS">
          <reporter-output>
          </reporter-output>
        </test-method> <!-- setup -->
        <test-method signature="verifyLogoRedirectsToHome()[pri:0, instance:com.banking.tests.NavigationTest@131ef10]" started-at="2025-12-18T23:02:59 IST" name="verifyLogoRedirectsToHome" description="verifyLogoRedirectsToHome" finished-at="2025-12-18T23:03:04 IST" duration-ms="4169" status="PASS">
          <reporter-output>
          </reporter-output>
        </test-method> <!-- verifyLogoRedirectsToHome -->
        <test-method is-config="true" signature="tearDown()[pri:0, instance:com.banking.tests.NavigationTest@131ef10]" started-at="2025-12-18T23:03:04 IST" name="tearDown" finished-at="2025-12-18T23:03:04 IST" duration-ms="224" status="PASS">
          <reporter-output>
          </reporter-output>
        </test-method> <!-- tearDown -->
      </class> <!-- com.banking.tests.NavigationTest -->
      <class name="com.banking.tests.CustomerSupportTest">
        <test-method is-config="true" signature="setUp(java.lang.String)[pri:0, instance:com.banking.tests.CustomerSupportTest@7bedc48a]" started-at="2025-12-18T23:01:40 IST" name="setUp" finished-at="2025-12-18T23:01:41 IST" duration-ms="816" status="PASS">
          <params>
            <param index="0">
              <value>
                <![CDATA[chrome]]>
              </value>
            </param>
          </params>
          <reporter-output>
          </reporter-output>
        </test-method> <!-- setUp -->
        <test-method is-config="true" signature="setup()[pri:0, instance:com.banking.tests.CustomerSupportTest@7bedc48a]" started-at="2025-12-18T23:01:41 IST" name="setup" finished-at="2025-12-18T23:01:45 IST" duration-ms="4544" status="PASS">
          <reporter-output>
          </reporter-output>
        </test-method> <!-- setup -->
        <test-method signature="openCustomerSupportForm()[pri:0, instance:com.banking.tests.CustomerSupportTest@7bedc48a]" started-at="2025-12-18T23:01:45 IST" name="openCustomerSupportForm" description="Open customer support form" finished-at="2025-12-18T23:01:46 IST" duration-ms="469" status="PASS">
          <reporter-output>
          </reporter-output>
        </test-method> <!-- openCustomerSupportForm -->
        <test-method is-config="true" signature="tearDown()[pri:0, instance:com.banking.tests.CustomerSupportTest@7bedc48a]" started-at="2025-12-18T23:01:46 IST" name="tearDown" finished-at="2025-12-18T23:01:46 IST" duration-ms="211" status="PASS">
          <reporter-output>
          </reporter-output>
        </test-method> <!-- tearDown -->
        <test-method is-config="true" signature="setUp(java.lang.String)[pri:0, instance:com.banking.tests.CustomerSupportTest@7bedc48a]" started-at="2025-12-18T23:01:46 IST" name="setUp" finished-at="2025-12-18T23:01:47 IST" duration-ms="813" status="PASS">
          <params>
            <param index="0">
              <value>
                <![CDATA[chrome]]>
              </value>
            </param>
          </params>
          <reporter-output>
          </reporter-output>
        </test-method> <!-- setUp -->
        <test-method is-config="true" signature="setup()[pri:0, instance:com.banking.tests.CustomerSupportTest@7bedc48a]" started-at="2025-12-18T23:01:47 IST" name="setup" finished-at="2025-12-18T23:01:51 IST" duration-ms="4687" status="PASS">
          <reporter-output>
          </reporter-output>
        </test-method> <!-- setup -->
        <test-method signature="submitSupportFormWithEmptyFields()[pri:0, instance:com.banking.tests.CustomerSupportTest@7bedc48a]" started-at="2025-12-18T23:01:51 IST" name="submitSupportFormWithEmptyFields" description="submitSupportFormWithEmptyFields" finished-at="2025-12-18T23:01:52 IST" duration-ms="989" status="FAIL">
          <exception class="java.lang.AssertionError">
            <message>
              <![CDATA[Form submitted successfully with empty fields expected [true] but found [false]]]>
            </message>
            <full-stacktrace>
              <![CDATA[java.lang.AssertionError: Form submitted successfully with empty fields expected [true] but found [false]
at org.testng.Assert.fail(Assert.java:111)
at org.testng.Assert.failNotEquals(Assert.java:1578)
at org.testng.Assert.assertTrue(Assert.java:57)
at com.banking.tests.CustomerSupportTest.submitSupportFormWithEmptyFields(CustomerSupportTest.java:71)
at java.base/jdk.internal.reflect.DirectMethodHandleAccessor.invoke(DirectMethodHandleAccessor.java:103)
at java.base/java.lang.reflect.Method.invoke(Method.java:580)
at org.testng.internal.invokers.MethodInvocationHelper.invokeMethod(MethodInvocationHelper.java:141)
at org.testng.internal.invokers.TestInvoker.invokeMethod(TestInvoker.java:686)
at org.testng.internal.invokers.TestInvoker.invokeTestMethod(TestInvoker.java:230)
at org.testng.internal.invokers.MethodRunner.runInSequence(MethodRunner.java:63)
at org.testng.internal.invokers.TestInvoker$MethodInvocationAgent.invoke(TestInvoker.java:992)
at org.testng.internal.invokers.TestInvoker.invokeTestMethods(TestInvoker.java:203)
at org.testng.internal.invokers.TestMethodWorker.invokeTestMethods(TestMethodWorker.java:154)
at org.testng.internal.invokers.TestMethodWorker.run(TestMethodWorker.java:134)
at java.base/java.util.ArrayList.forEach(ArrayList.java:1596)
at org.testng.TestRunner.privateRun(TestRunner.java:739)
at org.testng.TestRunner.run(TestRunner.java:614)
at org.testng.SuiteRunner.runTest(SuiteRunner.java:421)
at org.testng.SuiteRunner$SuiteWorker.run(SuiteRunner.java:463)
at org.testng.internal.thread.ThreadUtil.lambda$execute$0(ThreadUtil.java:64)
at java.base/java.util.concurrent.FutureTask.run(FutureTask.java:317)
at java.base/java.util.concurrent.ThreadPoolExecutor.runWorker(ThreadPoolExecutor.java:1144)
at java.base/java.util.concurrent.ThreadPoolExecutor$Worker.run(ThreadPoolExecutor.java:642)
at java.base/java.lang.Thread.run(Thread.java:1583)
]]>
            </full-stacktrace>
          </exception> <!-- java.lang.AssertionError -->
          <reporter-output>
          </reporter-output>
        </test-method> <!-- submitSupportFormWithEmptyFields -->
        <test-method is-config="true" signature="tearDown()[pri:0, instance:com.banking.tests.CustomerSupportTest@7bedc48a]" started-at="2025-12-18T23:01:52 IST" name="tearDown" finished-at="2025-12-18T23:01:52 IST" duration-ms="210" status="PASS">
          <reporter-output>
          </reporter-output>
        </test-method> <!-- tearDown -->
        <test-method is-config="true" signature="setUp(java.lang.String)[pri:0, instance:com.banking.tests.CustomerSupportTest@7bedc48a]" started-at="2025-12-18T23:01:52 IST" name="setUp" finished-at="2025-12-18T23:01:53 IST" duration-ms="800" status="PASS">
          <params>
            <param index="0">
              <value>
                <![CDATA[chrome]]>
              </value>
            </param>
          </params>
          <reporter-output>
          </reporter-output>
        </test-method> <!-- setUp -->
        <test-method is-config="true" signature="setup()[pri:0, instance:com.banking.tests.CustomerSupportTest@7bedc48a]" started-at="2025-12-18T23:01:53 IST" name="setup" finished-at="2025-12-18T23:01:59 IST" duration-ms="5232" status="PASS">
          <reporter-output>
          </reporter-output>
        </test-method> <!-- setup -->
        <test-method signature="submitSupportFormWithValidDetails()[pri:0, instance:com.banking.tests.CustomerSupportTest@7bedc48a]" started-at="2025-12-18T23:01:59 IST" name="submitSupportFormWithValidDetails" description="submitSupportFormWithValidDetails" finished-at="2025-12-18T23:02:00 IST" duration-ms="1427" status="PASS">
          <reporter-output>
          </reporter-output>
        </test-method> <!-- submitSupportFormWithValidDetails -->
        <test-method is-config="true" signature="tearDown()[pri:0, instance:com.banking.tests.CustomerSupportTest@7bedc48a]" started-at="2025-12-18T23:02:00 IST" name="tearDown" finished-at="2025-12-18T23:02:00 IST" duration-ms="214" status="PASS">
          <reporter-output>
          </reporter-output>
        </test-method> <!-- tearDown -->
        <test-method is-config="true" signature="setUp(java.lang.String)[pri:0, instance:com.banking.tests.CustomerSupportTest@7bedc48a]" started-at="2025-12-18T23:02:00 IST" name="setUp" finished-at="2025-12-18T23:02:01 IST" duration-ms="799" status="PASS">
          <params>
            <param index="0">
              <value>
                <![CDATA[chrome]]>
              </value>
            </param>
          </params>
          <reporter-output>
          </reporter-output>
        </test-method> <!-- setUp -->
        <test-method is-config="true" signature="setup()[pri:0, instance:com.banking.tests.CustomerSupportTest@7bedc48a]" started-at="2025-12-18T23:02:01 IST" name="setup" finished-at="2025-12-18T23:02:06 IST" duration-ms="5420" status="PASS">
          <reporter-output>
          </reporter-output>
        </test-method> <!-- setup -->
        <test-method signature="verifySupportFormSuccessMessage()[pri:0, instance:com.banking.tests.CustomerSupportTest@7bedc48a]" started-at="2025-12-18T23:02:06 IST" name="verifySupportFormSuccessMessage" description="verifySupportFormSuccessMessage" finished-at="2025-12-18T23:02:08 IST" duration-ms="1437" status="PASS">
          <reporter-output>
          </reporter-output>
        </test-method> <!-- verifySupportFormSuccessMessage -->
        <test-method is-config="true" signature="tearDown()[pri:0, instance:com.banking.tests.CustomerSupportTest@7bedc48a]" started-at="2025-12-18T23:02:08 IST" name="tearDown" finished-at="2025-12-18T23:02:08 IST" duration-ms="235" status="PASS">
          <reporter-output>
          </reporter-output>
        </test-method> <!-- tearDown -->
      </class> <!-- com.banking.tests.CustomerSupportTest -->
      <class name="com.banking.tests.LoginTest">
        <test-method is-config="true" signature="setUp(java.lang.String)[pri:0, instance:com.banking.tests.LoginTest@22ff4249]" started-at="2025-12-18T22:54:16 IST" name="setUp" finished-at="2025-12-18T22:54:17 IST" duration-ms="1503" status="PASS">
          <params>
            <param index="0">
              <value>
                <![CDATA[chrome]]>
              </value>
            </param>
          </params>
          <reporter-output>
          </reporter-output>
        </test-method> <!-- setUp -->
        <test-method signature="emptyFieldsTest()[pri:0, instance:com.banking.tests.LoginTest@22ff4249]" started-at="2025-12-18T22:54:17 IST" name="emptyFieldsTest" description="emptyFieldsTest" finished-at="2025-12-18T22:54:23 IST" duration-ms="5616" status="PASS">
          <reporter-output>
          </reporter-output>
        </test-method> <!-- emptyFieldsTest -->
        <test-method is-config="true" signature="tearDown()[pri:0, instance:com.banking.tests.LoginTest@22ff4249]" started-at="2025-12-18T22:54:23 IST" name="tearDown" finished-at="2025-12-18T22:54:23 IST" duration-ms="207" status="PASS">
          <reporter-output>
          </reporter-output>
        </test-method> <!-- tearDown -->
        <test-method is-config="true" signature="setUp(java.lang.String)[pri:0, instance:com.banking.tests.LoginTest@22ff4249]" started-at="2025-12-18T22:54:23 IST" name="setUp" finished-at="2025-12-18T22:54:24 IST" duration-ms="807" status="PASS">
          <params>
            <param index="0">
              <value>
                <![CDATA[chrome]]>
              </value>
            </param>
          </params>
          <reporter-output>
          </reporter-output>
        </test-method> <!-- setUp -->
        <test-method signature="incorrectPasswordTest()[pri:0, instance:com.banking.tests.LoginTest@22ff4249]" started-at="2025-12-18T22:54:24 IST" name="incorrectPasswordTest" description="incorrectPasswordTest" finished-at="2025-12-18T22:55:00 IST" duration-ms="35865" status="FAIL">
          <exception class="java.lang.AssertionError">
            <message>
              <![CDATA[expected [An internal error has occurred and has been logged.] but found [The username and password could not be verified.]]]>
            </message>
            <full-stacktrace>
              <![CDATA[java.lang.AssertionError: expected [An internal error has occurred and has been logged.] but found [The username and password could not be verified.]
at org.testng.Assert.fail(Assert.java:111)
at org.testng.Assert.failNotEquals(Assert.java:1578)
at org.testng.Assert.assertEqualsImpl(Assert.java:150)
at org.testng.Assert.assertEquals(Assert.java:132)
at org.testng.Assert.assertEquals(Assert.java:656)
at org.testng.Assert.assertEquals(Assert.java:666)
at com.banking.tests.LoginTest.incorrectPasswordTest(LoginTest.java:26)
at java.base/jdk.internal.reflect.DirectMethodHandleAccessor.invoke(DirectMethodHandleAccessor.java:103)
at java.base/java.lang.reflect.Method.invoke(Method.java:580)
at org.testng.internal.invokers.MethodInvocationHelper.invokeMethod(MethodInvocationHelper.java:141)
at org.testng.internal.invokers.TestInvoker.invokeMethod(TestInvoker.java:686)
at org.testng.internal.invokers.TestInvoker.invokeTestMethod(TestInvoker.java:230)
at org.testng.internal.invokers.MethodRunner.runInSequence(MethodRunner.java:63)
at org.testng.internal.invokers.TestInvoker$MethodInvocationAgent.invoke(TestInvoker.java:992)
at org.testng.internal.invokers.TestInvoker.invokeTestMethods(TestInvoker.java:203)
at org.testng.internal.invokers.TestMethodWorker.invokeTestMethods(TestMethodWorker.java:154)
at org.testng.internal.invokers.TestMethodWorker.run(TestMethodWorker.java:134)
at java.base/java.util.ArrayList.forEach(ArrayList.java:1596)
at org.testng.TestRunner.privateRun(TestRunner.java:739)
at org.testng.TestRunner.run(TestRunner.java:614)
at org.testng.SuiteRunner.runTest(SuiteRunner.java:421)
at org.testng.SuiteRunner$SuiteWorker.run(SuiteRunner.java:463)
at org.testng.internal.thread.ThreadUtil.lambda$execute$0(ThreadUtil.java:64)
at java.base/java.util.concurrent.FutureTask.run(FutureTask.java:317)
at java.base/java.util.concurrent.ThreadPoolExecutor.runWorker(ThreadPoolExecutor.java:1144)
at java.base/java.util.concurrent.ThreadPoolExecutor$Worker.run(ThreadPoolExecutor.java:642)
at java.base/java.lang.Thread.run(Thread.java:1583)
]]>
            </full-stacktrace>
          </exception> <!-- java.lang.AssertionError -->
          <reporter-output>
          </reporter-output>
        </test-method> <!-- incorrectPasswordTest -->
        <test-method is-config="true" signature="tearDown()[pri:0, instance:com.banking.tests.LoginTest@22ff4249]" started-at="2025-12-18T22:55:00 IST" name="tearDown" finished-at="2025-12-18T22:55:00 IST" duration-ms="253" status="PASS">
          <reporter-output>
          </reporter-output>
        </test-method> <!-- tearDown -->
        <test-method is-config="true" signature="setUp(java.lang.String)[pri:0, instance:com.banking.tests.LoginTest@22ff4249]" started-at="2025-12-18T22:55:00 IST" name="setUp" finished-at="2025-12-18T22:55:01 IST" duration-ms="824" status="PASS">
          <params>
            <param index="0">
              <value>
                <![CDATA[chrome]]>
              </value>
            </param>
          </params>
          <reporter-output>
          </reporter-output>
        </test-method> <!-- setUp -->
        <test-method signature="invalidEmailFormatTest()[pri:0, instance:com.banking.tests.LoginTest@22ff4249]" started-at="2025-12-18T22:55:01 IST" name="invalidEmailFormatTest" description="invalidEmailFormatTest" finished-at="2025-12-18T22:55:21 IST" duration-ms="19736" status="FAIL">
          <exception class="java.lang.AssertionError">
            <message>
              <![CDATA[expected [An internal error has occurred and has been logged.] but found [The username and password could not be verified.]]]>
            </message>
            <full-stacktrace>
              <![CDATA[java.lang.AssertionError: expected [An internal error has occurred and has been logged.] but found [The username and password could not be verified.]
at org.testng.Assert.fail(Assert.java:111)
at org.testng.Assert.failNotEquals(Assert.java:1578)
at org.testng.Assert.assertEqualsImpl(Assert.java:150)
at org.testng.Assert.assertEquals(Assert.java:132)
at org.testng.Assert.assertEquals(Assert.java:656)
at org.testng.Assert.assertEquals(Assert.java:666)
at com.banking.tests.LoginTest.invalidEmailFormatTest(LoginTest.java:53)
at java.base/jdk.internal.reflect.DirectMethodHandleAccessor.invoke(DirectMethodHandleAccessor.java:103)
at java.base/java.lang.reflect.Method.invoke(Method.java:580)
at org.testng.internal.invokers.MethodInvocationHelper.invokeMethod(MethodInvocationHelper.java:141)
at org.testng.internal.invokers.TestInvoker.invokeMethod(TestInvoker.java:686)
at org.testng.internal.invokers.TestInvoker.invokeTestMethod(TestInvoker.java:230)
at org.testng.internal.invokers.MethodRunner.runInSequence(MethodRunner.java:63)
at org.testng.internal.invokers.TestInvoker$MethodInvocationAgent.invoke(TestInvoker.java:992)
at org.testng.internal.invokers.TestInvoker.invokeTestMethods(TestInvoker.java:203)
at org.testng.internal.invokers.TestMethodWorker.invokeTestMethods(TestMethodWorker.java:154)
at org.testng.internal.invokers.TestMethodWorker.run(TestMethodWorker.java:134)
at java.base/java.util.ArrayList.forEach(ArrayList.java:1596)
at org.testng.TestRunner.privateRun(TestRunner.java:739)
at org.testng.TestRunner.run(TestRunner.java:614)
at org.testng.SuiteRunner.runTest(SuiteRunner.java:421)
at org.testng.SuiteRunner$SuiteWorker.run(SuiteRunner.java:463)
at org.testng.internal.thread.ThreadUtil.lambda$execute$0(ThreadUtil.java:64)
at java.base/java.util.concurrent.FutureTask.run(FutureTask.java:317)
at java.base/java.util.concurrent.ThreadPoolExecutor.runWorker(ThreadPoolExecutor.java:1144)
at java.base/java.util.concurrent.ThreadPoolExecutor$Worker.run(ThreadPoolExecutor.java:642)
at java.base/java.lang.Thread.run(Thread.java:1583)
]]>
            </full-stacktrace>
          </exception> <!-- java.lang.AssertionError -->
          <reporter-output>
          </reporter-output>
        </test-method> <!-- invalidEmailFormatTest -->
        <test-method is-config="true" signature="tearDown()[pri:0, instance:com.banking.tests.LoginTest@22ff4249]" started-at="2025-12-18T22:55:21 IST" name="tearDown" finished-at="2025-12-18T22:55:21 IST" duration-ms="222" status="PASS">
          <reporter-output>
          </reporter-output>
        </test-method> <!-- tearDown -->
        <test-method is-config="true" signature="setUp(java.lang.String)[pri:0, instance:com.banking.tests.LoginTest@22ff4249]" started-at="2025-12-18T22:55:21 IST" name="setUp" finished-at="2025-12-18T22:55:22 IST" duration-ms="704" status="PASS">
          <params>
            <param index="0">
              <value>
                <![CDATA[chrome]]>
              </value>
            </param>
          </params>
          <reporter-output>
          </reporter-output>
        </test-method> <!-- setUp -->
        <test-method signature="passwordMaskedTest()[pri:0, instance:com.banking.tests.LoginTest@22ff4249]" started-at="2025-12-18T22:55:22 IST" name="passwordMaskedTest" description="passwordMaskedTest" finished-at="2025-12-18T22:55:25 IST" duration-ms="3499" status="PASS">
          <reporter-output>
          </reporter-output>
        </test-method> <!-- passwordMaskedTest -->
        <test-method is-config="true" signature="tearDown()[pri:0, instance:com.banking.tests.LoginTest@22ff4249]" started-at="2025-12-18T22:55:25 IST" name="tearDown" finished-at="2025-12-18T22:55:25 IST" duration-ms="202" status="PASS">
          <reporter-output>
          </reporter-output>
        </test-method> <!-- tearDown -->
        <test-method is-config="true" signature="setUp(java.lang.String)[pri:0, instance:com.banking.tests.LoginTest@22ff4249]" started-at="2025-12-18T22:55:25 IST" name="setUp" finished-at="2025-12-18T22:55:26 IST" duration-ms="894" status="PASS">
          <params>
            <param index="0">
              <value>
                <![CDATA[chrome]]>
              </value>
            </param>
          </params>
          <reporter-output>
          </reporter-output>
        </test-method> <!-- setUp -->
        <test-method signature="unregisteredUserTest()[pri:0, instance:com.banking.tests.LoginTest@22ff4249]" started-at="2025-12-18T22:55:26 IST" name="unregisteredUserTest" description="unregisteredUserTest" finished-at="2025-12-18T22:55:37 IST" duration-ms="11148" status="FAIL">
          <exception class="java.lang.AssertionError">
            <message>
              <![CDATA[expected [An internal error has occurred and has been logged.] but found [The username and password could not be verified.]]]>
            </message>
            <full-stacktrace>
              <![CDATA[java.lang.AssertionError: expected [An internal error has occurred and has been logged.] but found [The username and password could not be verified.]
at org.testng.Assert.fail(Assert.java:111)
at org.testng.Assert.failNotEquals(Assert.java:1578)
at org.testng.Assert.assertEqualsImpl(Assert.java:150)
at org.testng.Assert.assertEquals(Assert.java:132)
at org.testng.Assert.assertEquals(Assert.java:656)
at org.testng.Assert.assertEquals(Assert.java:666)
at com.banking.tests.LoginTest.unregisteredUserTest(LoginTest.java:35)
at java.base/jdk.internal.reflect.DirectMethodHandleAccessor.invoke(DirectMethodHandleAccessor.java:103)
at java.base/java.lang.reflect.Method.invoke(Method.java:580)
at org.testng.internal.invokers.MethodInvocationHelper.invokeMethod(MethodInvocationHelper.java:141)
at org.testng.internal.invokers.TestInvoker.invokeMethod(TestInvoker.java:686)
at org.testng.internal.invokers.TestInvoker.invokeTestMethod(TestInvoker.java:230)
at org.testng.internal.invokers.MethodRunner.runInSequence(MethodRunner.java:63)
at org.testng.internal.invokers.TestInvoker$MethodInvocationAgent.invoke(TestInvoker.java:992)
at org.testng.internal.invokers.TestInvoker.invokeTestMethods(TestInvoker.java:203)
at org.testng.internal.invokers.TestMethodWorker.invokeTestMethods(TestMethodWorker.java:154)
at org.testng.internal.invokers.TestMethodWorker.run(TestMethodWorker.java:134)
at java.base/java.util.ArrayList.forEach(ArrayList.java:1596)
at org.testng.TestRunner.privateRun(TestRunner.java:739)
at org.testng.TestRunner.run(TestRunner.java:614)
at org.testng.SuiteRunner.runTest(SuiteRunner.java:421)
at org.testng.SuiteRunner$SuiteWorker.run(SuiteRunner.java:463)
at org.testng.internal.thread.ThreadUtil.lambda$execute$0(ThreadUtil.java:64)
at java.base/java.util.concurrent.FutureTask.run(FutureTask.java:317)
at java.base/java.util.concurrent.ThreadPoolExecutor.runWorker(ThreadPoolExecutor.java:1144)
at java.base/java.util.concurrent.ThreadPoolExecutor$Worker.run(ThreadPoolExecutor.java:642)
at java.base/java.lang.Thread.run(Thread.java:1583)
]]>
            </full-stacktrace>
          </exception> <!-- java.lang.AssertionError -->
          <reporter-output>
          </reporter-output>
        </test-method> <!-- unregisteredUserTest -->
        <test-method is-config="true" signature="tearDown()[pri:0, instance:com.banking.tests.LoginTest@22ff4249]" started-at="2025-12-18T22:55:37 IST" name="tearDown" finished-at="2025-12-18T22:55:37 IST" duration-ms="224" status="PASS">
          <reporter-output>
          </reporter-output>
        </test-method> <!-- tearDown -->
        <test-method is-config="true" signature="setUp(java.lang.String)[pri:0, instance:com.banking.tests.LoginTest@22ff4249]" started-at="2025-12-18T22:55:37 IST" name="setUp" finished-at="2025-12-18T22:55:38 IST" duration-ms="889" status="PASS">
          <params>
            <param index="0">
              <value>
                <![CDATA[chrome]]>
              </value>
            </param>
          </params>
          <reporter-output>
          </reporter-output>
        </test-method> <!-- setUp -->
        <test-method signature="validLoginTest()[pri:0, instance:com.banking.tests.LoginTest@22ff4249]" started-at="2025-12-18T22:55:38 IST" name="validLoginTest" description="validLoginTest" finished-at="2025-12-18T22:55:47 IST" duration-ms="8642" status="PASS">
          <reporter-output>
          </reporter-output>
        </test-method> <!-- validLoginTest -->
        <test-method is-config="true" signature="tearDown()[pri:0, instance:com.banking.tests.LoginTest@22ff4249]" started-at="2025-12-18T22:55:47 IST" name="tearDown" finished-at="2025-12-18T22:55:47 IST" duration-ms="203" status="PASS">
          <reporter-output>
          </reporter-output>
        </test-method> <!-- tearDown -->
        <test-method is-config="true" signature="setUp(java.lang.String)[pri:0, instance:com.banking.tests.LoginTest@22ff4249]" started-at="2025-12-18T22:55:47 IST" name="setUp" finished-at="2025-12-18T22:55:48 IST" duration-ms="778" status="PASS">
          <params>
            <param index="0">
              <value>
                <![CDATA[chrome]]>
              </value>
            </param>
          </params>
          <reporter-output>
          </reporter-output>
        </test-method> <!-- setUp -->
        <test-method signature="verifyRememberMeFunctionality()[pri:0, instance:com.banking.tests.LoginTest@22ff4249]" started-at="2025-12-18T22:55:48 IST" name="verifyRememberMeFunctionality" description="verifyRememberMeFunctionality" finished-at="2025-12-18T22:56:05 IST" duration-ms="17320" status="FAIL">
          <exception class="org.openqa.selenium.TimeoutException">
            <message>
              <![CDATA[Expected condition failed: waiting for element to be clickable: By.name: rememberMe (tried for 10 second(s) with 500 milliseconds interval)
Build info: version: '4.34.0', revision: '707dcb4246*'
System info: os.name: 'Windows 11', os.arch: 'amd64', os.version: '10.0', java.version: '21.0.9'
Driver info: org.openqa.selenium.chrome.ChromeDriver
Capabilities {acceptInsecureCerts: false, browserName: chrome, browserVersion: 142.0.7444.176, chrome: {chromedriverVersion: 142.0.7444.175 (302067f14a4..., userDataDir: C:\Users\aravi\AppData\Loca...}, fedcm:accounts: true, goog:chromeOptions: {debuggerAddress: localhost:61189}, goog:processID: 35256, networkConnectionEnabled: false, pageLoadStrategy: normal, platformName: windows, proxy: Proxy(), se:cdp: ws://localhost:61189/devtoo..., se:cdpVersion: 142.0.7444.176, setWindowRect: true, strictFileInteractability: false, timeouts: {implicit: 0, pageLoad: 300000, script: 30000}, unhandledPromptBehavior: dismiss and notify, webauthn:extension:credBlob: true, webauthn:extension:largeBlob: true, webauthn:extension:minPinLength: true, webauthn:extension:prf: true, webauthn:virtualAuthenticators: true}
Session ID: c37ed6d33d7d300e81ce55b795597ceb]]>
            </message>
            <full-stacktrace>
              <![CDATA[org.openqa.selenium.TimeoutException: Expected condition failed: waiting for element to be clickable: By.name: rememberMe (tried for 10 second(s) with 500 milliseconds interval)
Build info: version: '4.34.0', revision: '707dcb4246*'
System info: os.name: 'Windows 11', os.arch: 'amd64', os.version: '10.0', java.version: '21.0.9'
Driver info: org.openqa.selenium.chrome.ChromeDriver
Capabilities {acceptInsecureCerts: false, browserName: chrome, browserVersion: 142.0.7444.176, chrome: {chromedriverVersion: 142.0.7444.175 (302067f14a4..., userDataDir: C:\Users\aravi\AppData\Loca...}, fedcm:accounts: true, goog:chromeOptions: {debuggerAddress: localhost:61189}, goog:processID: 35256, networkConnectionEnabled: false, pageLoadStrategy: normal, platformName: windows, proxy: Proxy(), se:cdp: ws://localhost:61189/devtoo..., se:cdpVersion: 142.0.7444.176, setWindowRect: true, strictFileInteractability: false, timeouts: {implicit: 0, pageLoad: 300000, script: 30000}, unhandledPromptBehavior: dismiss and notify, webauthn:extension:credBlob: true, webauthn:extension:largeBlob: true, webauthn:extension:minPinLength: true, webauthn:extension:prf: true, webauthn:virtualAuthenticators: true}
Session ID: c37ed6d33d7d300e81ce55b795597ceb
at org.openqa.selenium.support.ui.WebDriverWait.timeoutException(WebDriverWait.java:84)
at org.openqa.selenium.support.ui.FluentWait.until(FluentWait.java:228)
at com.banking.utils.WaitUtils.forClickable(WaitUtils.java:23)
at com.banking.pages.BasePage.click(BasePage.java:21)
at com.banking.pages.LoginPage.loginWithRememberMe(LoginPage.java:46)
at com.banking.tests.LoginTest.verifyRememberMeFunctionality(LoginTest.java:79)
at java.base/jdk.internal.reflect.DirectMethodHandleAccessor.invoke(DirectMethodHandleAccessor.java:103)
at java.base/java.lang.reflect.Method.invoke(Method.java:580)
at org.testng.internal.invokers.MethodInvocationHelper.invokeMethod(MethodInvocationHelper.java:141)
at org.testng.internal.invokers.TestInvoker.invokeMethod(TestInvoker.java:686)
at org.testng.internal.invokers.TestInvoker.invokeTestMethod(TestInvoker.java:230)
at org.testng.internal.invokers.MethodRunner.runInSequence(MethodRunner.java:63)
at org.testng.internal.invokers.TestInvoker$MethodInvocationAgent.invoke(TestInvoker.java:992)
at org.testng.internal.invokers.TestInvoker.invokeTestMethods(TestInvoker.java:203)
at org.testng.internal.invokers.TestMethodWorker.invokeTestMethods(TestMethodWorker.java:154)
at org.testng.internal.invokers.TestMethodWorker.run(TestMethodWorker.java:134)
at java.base/java.util.ArrayList.forEach(ArrayList.java:1596)
at org.testng.TestRunner.privateRun(TestRunner.java:739)
at org.testng.TestRunner.run(TestRunner.java:614)
at org.testng.SuiteRunner.runTest(SuiteRunner.java:421)
at org.testng.SuiteRunner$SuiteWorker.run(SuiteRunner.java:463)
at org.testng.internal.thread.ThreadUtil.lambda$execute$0(ThreadUtil.java:64)
at java.base/java.util.concurrent.FutureTask.run(FutureTask.java:317)
at java.base/java.util.concurrent.ThreadPoolExecutor.runWorker(ThreadPoolExecutor.java:1144)
at java.base/java.util.concurrent.ThreadPoolExecutor$Worker.run(ThreadPoolExecutor.java:642)
at java.base/java.lang.Thread.run(Thread.java:1583)
]]>
            </full-stacktrace>
          </exception> <!-- org.openqa.selenium.TimeoutException -->
          <reporter-output>
          </reporter-output>
        </test-method> <!-- verifyRememberMeFunctionality -->
        <test-method is-config="true" signature="tearDown()[pri:0, instance:com.banking.tests.LoginTest@22ff4249]" started-at="2025-12-18T22:56:05 IST" name="tearDown" finished-at="2025-12-18T22:56:06 IST" duration-ms="256" status="PASS">
          <reporter-output>
          </reporter-output>
        </test-method> <!-- tearDown -->
        <test-method is-config="true" signature="setUp(java.lang.String)[pri:0, instance:com.banking.tests.LoginTest@22ff4249]" started-at="2025-12-18T22:56:06 IST" name="setUp" finished-at="2025-12-18T22:56:06 IST" duration-ms="872" status="PASS">
          <params>
            <param index="0">
              <value>
                <![CDATA[chrome]]>
              </value>
            </param>
          </params>
          <reporter-output>
          </reporter-output>
        </test-method> <!-- setUp -->
        <test-method signature="verifySessionTimeoutDueToInactivity()[pri:0, instance:com.banking.tests.LoginTest@22ff4249]" started-at="2025-12-18T22:56:06 IST" name="verifySessionTimeoutDueToInactivity" description="verifySessionTimeoutDueToInactivity" finished-at="2025-12-18T22:56:12 IST" duration-ms="5681" status="FAIL">
          <exception class="java.lang.AssertionError">
            <message>
              <![CDATA[User not redirected to login page after session timeout expected [true] but found [false]]]>
            </message>
            <full-stacktrace>
              <![CDATA[java.lang.AssertionError: User not redirected to login page after session timeout expected [true] but found [false]
at org.testng.Assert.fail(Assert.java:111)
at org.testng.Assert.failNotEquals(Assert.java:1578)
at org.testng.Assert.assertTrue(Assert.java:57)
at com.banking.tests.LoginTest.verifySessionTimeoutDueToInactivity(LoginTest.java:73)
at java.base/jdk.internal.reflect.DirectMethodHandleAccessor.invoke(DirectMethodHandleAccessor.java:103)
at java.base/java.lang.reflect.Method.invoke(Method.java:580)
at org.testng.internal.invokers.MethodInvocationHelper.invokeMethod(MethodInvocationHelper.java:141)
at org.testng.internal.invokers.TestInvoker.invokeMethod(TestInvoker.java:686)
at org.testng.internal.invokers.TestInvoker.invokeTestMethod(TestInvoker.java:230)
at org.testng.internal.invokers.MethodRunner.runInSequence(MethodRunner.java:63)
at org.testng.internal.invokers.TestInvoker$MethodInvocationAgent.invoke(TestInvoker.java:992)
at org.testng.internal.invokers.TestInvoker.invokeTestMethods(TestInvoker.java:203)
at org.testng.internal.invokers.TestMethodWorker.invokeTestMethods(TestMethodWorker.java:154)
at org.testng.internal.invokers.TestMethodWorker.run(TestMethodWorker.java:134)
at java.base/java.util.ArrayList.forEach(ArrayList.java:1596)
at org.testng.TestRunner.privateRun(TestRunner.java:739)
at org.testng.TestRunner.run(TestRunner.java:614)
at org.testng.SuiteRunner.runTest(SuiteRunner.java:421)
at org.testng.SuiteRunner$SuiteWorker.run(SuiteRunner.java:463)
at org.testng.internal.thread.ThreadUtil.lambda$execute$0(ThreadUtil.java:64)
at java.base/java.util.concurrent.FutureTask.run(FutureTask.java:317)
at java.base/java.util.concurrent.ThreadPoolExecutor.runWorker(ThreadPoolExecutor.java:1144)
at java.base/java.util.concurrent.ThreadPoolExecutor$Worker.run(ThreadPoolExecutor.java:642)
at java.base/java.lang.Thread.run(Thread.java:1583)
]]>
            </full-stacktrace>
          </exception> <!-- java.lang.AssertionError -->
          <reporter-output>
          </reporter-output>
        </test-method> <!-- verifySessionTimeoutDueToInactivity -->
        <test-method is-config="true" signature="tearDown()[pri:0, instance:com.banking.tests.LoginTest@22ff4249]" started-at="2025-12-18T22:56:12 IST" name="tearDown" finished-at="2025-12-18T22:56:12 IST" duration-ms="199" status="PASS">
          <reporter-output>
          </reporter-output>
        </test-method> <!-- tearDown -->
      </class> <!-- com.banking.tests.LoginTest -->
      <class name="com.banking.tests.AccountTest">
        <test-method is-config="true" signature="setUp(java.lang.String)[pri:0, instance:com.banking.tests.AccountTest@489115ef]" started-at="2025-12-18T22:56:12 IST" name="setUp" finished-at="2025-12-18T22:56:13 IST" duration-ms="869" status="PASS">
          <params>
            <param index="0">
              <value>
                <![CDATA[chrome]]>
              </value>
            </param>
          </params>
          <reporter-output>
          </reporter-output>
        </test-method> <!-- setUp -->
        <test-method is-config="true" signature="setup()[pri:0, instance:com.banking.tests.AccountTest@489115ef]" started-at="2025-12-18T22:56:13 IST" name="setup" finished-at="2025-12-18T22:56:13 IST" duration-ms="1" status="FAIL">
          <exception class="java.lang.NullPointerException">
            <message>
              <![CDATA[Cannot invoke "org.openqa.selenium.WebDriver.get(String)" because "this.driver" is null]]>
            </message>
            <full-stacktrace>
              <![CDATA[java.lang.NullPointerException: Cannot invoke "org.openqa.selenium.WebDriver.get(String)" because "this.driver" is null
at com.banking.pages.LoginPage.open(LoginPage.java:22)
at com.banking.tests.AccountTest.setup(AccountTest.java:30)
at java.base/jdk.internal.reflect.DirectMethodHandleAccessor.invoke(DirectMethodHandleAccessor.java:103)
at java.base/java.lang.reflect.Method.invoke(Method.java:580)
at org.testng.internal.invokers.MethodInvocationHelper.invokeMethod(MethodInvocationHelper.java:141)
at org.testng.internal.invokers.MethodInvocationHelper.invokeMethodConsideringTimeout(MethodInvocationHelper.java:71)
at org.testng.internal.invokers.ConfigInvoker.invokeConfigurationMethod(ConfigInvoker.java:400)
at org.testng.internal.invokers.ConfigInvoker.invokeConfigurations(ConfigInvoker.java:333)
at org.testng.internal.invokers.TestInvoker.runConfigMethods(TestInvoker.java:833)
at org.testng.internal.invokers.TestInvoker.invokeMethod(TestInvoker.java:600)
at org.testng.internal.invokers.TestInvoker.invokeTestMethod(TestInvoker.java:230)
at org.testng.internal.invokers.MethodRunner.runInSequence(MethodRunner.java:63)
at org.testng.internal.invokers.TestInvoker$MethodInvocationAgent.invoke(TestInvoker.java:992)
at org.testng.internal.invokers.TestInvoker.invokeTestMethods(TestInvoker.java:203)
at org.testng.internal.invokers.TestMethodWorker.invokeTestMethods(TestMethodWorker.java:154)
at org.testng.internal.invokers.TestMethodWorker.run(TestMethodWorker.java:134)
at java.base/java.util.ArrayList.forEach(ArrayList.java:1596)
at org.testng.TestRunner.privateRun(TestRunner.java:739)
at org.testng.TestRunner.run(TestRunner.java:614)
at org.testng.SuiteRunner.runTest(SuiteRunner.java:421)
at org.testng.SuiteRunner$SuiteWorker.run(SuiteRunner.java:463)
at org.testng.internal.thread.ThreadUtil.lambda$execute$0(ThreadUtil.java:64)
at java.base/java.util.concurrent.FutureTask.run(FutureTask.java:317)
at java.base/java.util.concurrent.ThreadPoolExecutor.runWorker(ThreadPoolExecutor.java:1144)
at java.base/java.util.concurrent.ThreadPoolExecutor$Worker.run(ThreadPoolExecutor.java:642)
at java.base/java.lang.Thread.run(Thread.java:1583)
]]>
            </full-stacktrace>
          </exception> <!-- java.lang.NullPointerException -->
          <reporter-output>
          </reporter-output>
        </test-method> <!-- setup -->
[...]
            <message>
              <![CDATA[Cannot invoke "org.openqa.selenium.WebDriver.get(String)" because "this.driver" is null]]>
            </message>
            <full-stacktrace>
              <![CDATA[java.lang.NullPointerException: Cannot invoke "org.openqa.selenium.WebDriver.get(String)" because "this.driver" is null
at com.banking.pages.LoginPage.open(LoginPage.java:22)
at com.banking.tests.AccountTest.setup(AccountTest.java:30)
at java.base/jdk.internal.reflect.DirectMethodHandleAccessor.invoke(DirectMethodHandleAccessor.java:103)
at java.base/java.lang.reflect.Method.invoke(Method.java:580)
at org.testng.internal.invokers.MethodInvocationHelper.invokeMethod(MethodInvocationHelper.java:141)
at org.testng.internal.invokers.MethodInvocationHelper.invokeMethodConsideringTimeout(MethodInvocationHelper.java:71)
at org.testng.internal.invokers.ConfigInvoker.invokeConfigurationMethod(ConfigInvoker.java:400)
at org.testng.internal.invokers.ConfigInvoker.invokeConfigurations(ConfigInvoker.java:333)
at org.testng.internal.invokers.TestInvoker.runConfigMethods(TestInvoker.java:833)
at org.testng.internal.invokers.TestInvoker.invokeMethod(TestInvoker.java:600)
at org.testng.internal.invokers.TestInvoker.invokeTestMethod(TestInvoker.java:230)
at org.testng.internal.invokers.MethodRunner.runInSequence(MethodRunner.java:63)
at org.testng.internal.invokers.TestInvoker$MethodInvocationAgent.invoke(TestInvoker.java:992)
at org.testng.internal.invokers.TestInvoker.invokeTestMethods(TestInvoker.java:203)
at org.testng.internal.invokers.TestMethodWorker.invokeTestMethods(TestMethodWorker.java:154)
at org.testng.internal.invokers.TestMethodWorker.run(TestMethodWorker.java:134)
at java.base/java.util.ArrayList.forEach(ArrayList.java:1596)
at org.testng.TestRunner.privateRun(TestRunner.java:739)
at org.testng.TestRunner.run(TestRunner.java:614)
at org.testng.SuiteRunner.runTest(SuiteRunner.java:421)
at org.testng.SuiteRunner$SuiteWorker.run(SuiteRunner.java:463)
at org.testng.internal.thread.ThreadUtil.lambda$execute$0(ThreadUtil.java:64)
at java.base/java.util.concurrent.FutureTask.run(FutureTask.java:317)
at java.base/java.util.concurrent.ThreadPoolExecutor.runWorker(ThreadPoolExecutor.java:1144)
at java.base/java.util.concurrent.ThreadPoolExecutor$Worker.run(ThreadPoolExecutor.java:642)
at java.base/java.lang.Thread.run(Thread.java:1583)
]]>
            </full-stacktrace>
          </exception> <!-- java.lang.NullPointerException -->
          <reporter-output>
          </reporter-output>
        </test-method> <!-- validateTransactionListFields -->
        <test-method is-config="true" signature="setup()[pri:0, instance:com.banking.tests.AccountTest@687e99d8]" started-at="2025-12-18T22:57:00 IST" name="setup" finished-at="2025-12-18T22:57:00 IST" duration-ms="0" status="SKIP">
          <reporter-output>
          </reporter-output>
        </test-method> <!-- setup -->
        <test-method is-config="true" signature="setUp(java.lang.String)[pri:0, instance:com.banking.tests.AccountTest@687e99d8]" started-at="2025-12-18T22:57:00 IST" name="setUp" finished-at="2025-12-18T22:57:04 IST" duration-ms="3474" status="PASS">
          <params>
            <param index="0">
              <value>
                <![CDATA[firefox]]>
              </value>
            </param>
          </params>
          <reporter-output>
          </reporter-output>
        </test-method> <!-- setUp -->
        <test-method is-config="true" signature="tearDown()[pri:0, instance:com.banking.tests.AccountTest@687e99d8]" started-at="2025-12-18T22:57:00 IST" name="tearDown" finished-at="2025-12-18T22:57:00 IST" duration-ms="0" status="SKIP">
          <reporter-output>
          </reporter-output>
        </test-method> <!-- tearDown -->
        <test-method signature="validateUpdatedBalanceAfterTransaction()[pri:0, instance:com.banking.tests.AccountTest@687e99d8]" started-at="2025-12-18T22:57:04 IST" name="validateUpdatedBalanceAfterTransaction" description="validateUpdatedBalanceAfterTransaction" finished-at="2025-12-18T22:57:04 IST" duration-ms="0" status="SKIP">
          <exception class="java.lang.NullPointerException">
            <message>
              <![CDATA[Cannot invoke "org.openqa.selenium.WebDriver.get(String)" because "this.driver" is null]]>
            </message>
            <full-stacktrace>
              <![CDATA[java.lang.NullPointerException: Cannot invoke "org.openqa.selenium.WebDriver.get(String)" because "this.driver" is null
at com.banking.pages.LoginPage.open(LoginPage.java:22)
at com.banking.tests.AccountTest.setup(AccountTest.java:30)
at java.base/jdk.internal.reflect.DirectMethodHandleAccessor.invoke(DirectMethodHandleAccessor.java:103)
at java.base/java.lang.reflect.Method.invoke(Method.java:580)
at org.testng.internal.invokers.MethodInvocationHelper.invokeMethod(MethodInvocationHelper.java:141)
at org.testng.internal.invokers.MethodInvocationHelper.invokeMethodConsideringTimeout(MethodInvocationHelper.java:71)
at org.testng.internal.invokers.ConfigInvoker.invokeConfigurationMethod(ConfigInvoker.java:400)
at org.testng.internal.invokers.ConfigInvoker.invokeConfigurations(ConfigInvoker.java:333)
at org.testng.internal.invokers.TestInvoker.runConfigMethods(TestInvoker.java:833)
at org.testng.internal.invokers.TestInvoker.invokeMethod(TestInvoker.java:600)
at org.testng.internal.invokers.TestInvoker.invokeTestMethod(TestInvoker.java:230)
at org.testng.internal.invokers.MethodRunner.runInSequence(MethodRunner.java:63)
at org.testng.internal.invokers.TestInvoker$MethodInvocationAgent.invoke(TestInvoker.java:992)
at org.testng.internal.invokers.TestInvoker.invokeTestMethods(TestInvoker.java:203)
at org.testng.internal.invokers.TestMethodWorker.invokeTestMethods(TestMethodWorker.java:154)
at org.testng.internal.invokers.TestMethodWorker.run(TestMethodWorker.java:134)
at java.base/java.util.ArrayList.forEach(ArrayList.java:1596)
at org.testng.TestRunner.privateRun(TestRunner.java:739)
at org.testng.TestRunner.run(TestRunner.java:614)
at org.testng.SuiteRunner.runTest(SuiteRunner.java:421)
at org.testng.SuiteRunner$SuiteWorker.run(SuiteRunner.java:463)
at org.testng.internal.thread.ThreadUtil.lambda$execute$0(ThreadUtil.java:64)
at java.base/java.util.concurrent.FutureTask.run(FutureTask.java:317)
at java.base/java.util.concurrent.ThreadPoolExecutor.runWorker(ThreadPoolExecutor.java:1144)
at java.base/java.util.concurrent.ThreadPoolExecutor$Worker.run(ThreadPoolExecutor.java:642)
at java.base/java.lang.Thread.run(Thread.java:1583)
]]>
            </full-stacktrace>
          </exception> <!-- java.lang.NullPointerException -->
          <reporter-output>
          </reporter-output>
        </test-method> <!-- validateUpdatedBalanceAfterTransaction -->
        <test-method is-config="true" signature="setUp(java.lang.String)[pri:0, instance:com.banking.tests.AccountTest@687e99d8]" started-at="2025-12-18T22:57:04 IST" name="setUp" finished-at="2025-12-18T22:57:08 IST" duration-ms="3643" status="PASS">
          <params>
            <param index="0">
              <value>
                <![CDATA[firefox]]>
              </value>
            </param>
          </params>
          <reporter-output>
          </reporter-output>
        </test-method> <!-- setUp -->
        <test-method is-config="true" signature="setup()[pri:0, instance:com.banking.tests.AccountTest@687e99d8]" started-at="2025-12-18T22:57:04 IST" name="setup" finished-at="2025-12-18T22:57:04 IST" duration-ms="0" status="SKIP">
          <reporter-output>
          </reporter-output>
        </test-method> <!-- setup -->
        <test-method is-config="true" signature="tearDown()[pri:0, instance:com.banking.tests.AccountTest@687e99d8]" started-at="2025-12-18T22:57:04 IST" name="tearDown" finished-at="2025-12-18T22:57:04 IST" duration-ms="0" status="SKIP">
          <reporter-output>
          </reporter-output>
        </test-method> <!-- tearDown -->
        <test-method is-config="true" signature="setup()[pri:0, instance:com.banking.tests.AccountTest@687e99d8]" started-at="2025-12-18T22:57:08 IST" name="setup" finished-at="2025-12-18T22:57:08 IST" duration-ms="0" status="SKIP">
          <reporter-output>
          </reporter-output>
        </test-method> <!-- setup -->
        <test-method signature="viewCheckingAccountSummary()[pri:0, instance:com.banking.tests.AccountTest@687e99d8]" started-at="2025-12-18T22:57:08 IST" name="viewCheckingAccountSummary" description="viewCheckingAccountSummary" finished-at="2025-12-18T22:57:08 IST" duration-ms="0" status="SKIP">
          <exception class="java.lang.NullPointerException">
            <message>
              <![CDATA[Cannot invoke "org.openqa.selenium.WebDriver.get(String)" because "this.driver" is null]]>
            </message>
            <full-stacktrace>
              <![CDATA[java.lang.NullPointerException: Cannot invoke "org.openqa.selenium.WebDriver.get(String)" because "this.driver" is null
at com.banking.pages.LoginPage.open(LoginPage.java:22)
at com.banking.tests.AccountTest.setup(AccountTest.java:30)
at java.base/jdk.internal.reflect.DirectMethodHandleAccessor.invoke(DirectMethodHandleAccessor.java:103)
at java.base/java.lang.reflect.Method.invoke(Method.java:580)
at org.testng.internal.invokers.MethodInvocationHelper.invokeMethod(MethodInvocationHelper.java:141)
at org.testng.internal.invokers.MethodInvocationHelper.invokeMethodConsideringTimeout(MethodInvocationHelper.java:71)
at org.testng.internal.invokers.ConfigInvoker.invokeConfigurationMethod(ConfigInvoker.java:400)
at org.testng.internal.invokers.ConfigInvoker.invokeConfigurations(ConfigInvoker.java:333)
at org.testng.internal.invokers.TestInvoker.runConfigMethods(TestInvoker.java:833)
at org.testng.internal.invokers.TestInvoker.invokeMethod(TestInvoker.java:600)
at org.testng.internal.invokers.TestInvoker.invokeTestMethod(TestInvoker.java:230)
at org.testng.internal.invokers.MethodRunner.runInSequence(MethodRunner.java:63)
at org.testng.internal.invokers.TestInvoker$MethodInvocationAgent.invoke(TestInvoker.java:992)
at org.testng.internal.invokers.TestInvoker.invokeTestMethods(TestInvoker.java:203)
at org.testng.internal.invokers.TestMethodWorker.invokeTestMethods(TestMethodWorker.java:154)
at org.testng.internal.invokers.TestMethodWorker.run(TestMethodWorker.java:134)
at java.base/java.util.ArrayList.forEach(ArrayList.java:1596)
at org.testng.TestRunner.privateRun(TestRunner.java:739)
at org.testng.TestRunner.run(TestRunner.java:614)
at org.testng.SuiteRunner.runTest(SuiteRunner.java:421)
at org.testng.SuiteRunner$SuiteWorker.run(SuiteRunner.java:463)
at org.testng.internal.thread.ThreadUtil.lambda$execute$0(ThreadUtil.java:64)
at java.base/java.util.concurrent.FutureTask.run(FutureTask.java:317)
at java.base/java.util.concurrent.ThreadPoolExecutor.runWorker(ThreadPoolExecutor.java:1144)
at java.base/java.util.concurrent.ThreadPoolExecutor$Worker.run(ThreadPoolExecutor.java:642)
at java.base/java.lang.Thread.run(Thread.java:1583)
]]>
            </full-stacktrace>
          </exception> <!-- java.lang.NullPointerException -->
          <reporter-output>
          </reporter-output>
        </test-method> <!-- viewCheckingAccountSummary -->
        <test-method is-config="true" signature="setUp(java.lang.String)[pri:0, instance:com.banking.tests.AccountTest@687e99d8]" started-at="2025-12-18T22:57:08 IST" name="setUp" finished-at="2025-12-18T22:57:11 IST" duration-ms="3279" status="PASS">
          <params>
            <param index="0">
              <value>
                <![CDATA[firefox]]>
              </value>
            </param>
          </params>
          <reporter-output>
          </reporter-output>
        </test-method> <!-- setUp -->
        <test-method is-config="true" signature="tearDown()[pri:0, instance:com.banking.tests.AccountTest@687e99d8]" started-at="2025-12-18T22:57:08 IST" name="tearDown" finished-at="2025-12-18T22:57:08 IST" duration-ms="0" status="SKIP">
          <reporter-output>
          </reporter-output>
        </test-method> <!-- tearDown -->
        <test-method is-config="true" signature="setup()[pri:0, instance:com.banking.tests.AccountTest@687e99d8]" started-at="2025-12-18T22:57:11 IST" name="setup" finished-at="2025-12-18T22:57:11 IST" duration-ms="0" status="SKIP">
          <reporter-output>
          </reporter-output>
        </test-method> <!-- setup -->
        <test-method signature="viewFullTransactionHistory()[pri:0, instance:com.banking.tests.AccountTest@687e99d8]" started-at="2025-12-18T22:57:11 IST" name="viewFullTransactionHistory" description="viewFullTransactionHistory" finished-at="2025-12-18T22:57:11 IST" duration-ms="0" status="SKIP">
          <exception class="java.lang.NullPointerException">
            <message>
              <![CDATA[Cannot invoke "org.openqa.selenium.WebDriver.get(String)" because "this.driver" is null]]>
            </message>
            <full-stacktrace>
              <![CDATA[java.lang.NullPointerException: Cannot invoke "org.openqa.selenium.WebDriver.get(String)" because "this.driver" is null
at com.banking.pages.LoginPage.open(LoginPage.java:22)
at com.banking.tests.AccountTest.setup(AccountTest.java:30)
at java.base/jdk.internal.reflect.DirectMethodHandleAccessor.invoke(DirectMethodHandleAccessor.java:103)
at java.base/java.lang.reflect.Method.invoke(Method.java:580)
at org.testng.internal.invokers.MethodInvocationHelper.invokeMethod(MethodInvocationHelper.java:141)
at org.testng.internal.invokers.MethodInvocationHelper.invokeMethodConsideringTimeout(MethodInvocationHelper.java:71)
at org.testng.internal.invokers.ConfigInvoker.invokeConfigurationMethod(ConfigInvoker.java:400)
at org.testng.internal.invokers.ConfigInvoker.invokeConfigurations(ConfigInvoker.java:333)
at org.testng.internal.invokers.TestInvoker.runConfigMethods(TestInvoker.java:833)
at org.testng.internal.invokers.TestInvoker.invokeMethod(TestInvoker.java:600)
at org.testng.internal.invokers.TestInvoker.invokeTestMethod(TestInvoker.java:230)
at org.testng.internal.invokers.MethodRunner.runInSequence(MethodRunner.java:63)
at org.testng.internal.invokers.TestInvoker$MethodInvocationAgent.invoke(TestInvoker.java:992)
at org.testng.internal.invokers.TestInvoker.invokeTestMethods(TestInvoker.java:203)
at org.testng.internal.invokers.TestMethodWorker.invokeTestMethods(TestMethodWorker.java:154)
at org.testng.internal.invokers.TestMethodWorker.run(TestMethodWorker.java:134)
at java.base/java.util.ArrayList.forEach(ArrayList.java:1596)
at org.testng.TestRunner.privateRun(TestRunner.java:739)
at org.testng.TestRunner.run(TestRunner.java:614)
at org.testng.SuiteRunner.runTest(SuiteRunner.java:421)
at org.testng.SuiteRunner$SuiteWorker.run(SuiteRunner.java:463)
at org.testng.internal.thread.ThreadUtil.lambda$execute$0(ThreadUtil.java:64)
at java.base/java.util.concurrent.FutureTask.run(FutureTask.java:317)
at java.base/java.util.concurrent.ThreadPoolExecutor.runWorker(ThreadPoolExecutor.java:1144)
at java.base/java.util.concurrent.ThreadPoolExecutor$Worker.run(ThreadPoolExecutor.java:642)
at java.base/java.lang.Thread.run(Thread.java:1583)
]]>
            </full-stacktrace>
          </exception> <!-- java.lang.NullPointerException -->
          <reporter-output>
          </reporter-output>
        </test-method> <!-- viewFullTransactionHistory -->
        <test-method is-config="true" signature="setUp(java.lang.String)[pri:0, instance:com.banking.tests.AccountTest@687e99d8]" started-at="2025-12-18T22:57:11 IST" name="setUp" finished-at="2025-12-18T22:57:14 IST" duration-ms="3331" status="PASS">
          <params>
            <param index="0">
              <value>
                <![CDATA[firefox]]>
              </value>
            </param>
          </params>
          <reporter-output>
          </reporter-output>
        </test-method> <!-- setUp -->
        <test-method is-config="true" signature="tearDown()[pri:0, instance:com.banking.tests.AccountTest@687e99d8]" started-at="2025-12-18T22:57:11 IST" name="tearDown" finished-at="2025-12-18T22:57:11 IST" duration-ms="0" status="SKIP">
          <reporter-output>
          </reporter-output>
        </test-method> <!-- tearDown -->
        <test-method is-config="true" signature="setup()[pri:0, instance:com.banking.tests.AccountTest@687e99d8]" started-at="2025-12-18T22:57:14 IST" name="setup" finished-at="2025-12-18T22:57:14 IST" duration-ms="0" status="SKIP">
          <reporter-output>
          </reporter-output>
        </test-method> <!-- setup -->
        <test-method signature="viewSavingsAccountSummary()[pri:0, instance:com.banking.tests.AccountTest@687e99d8]" started-at="2025-12-18T22:57:14 IST" name="viewSavingsAccountSummary" description="viewSavingsAccountSummary" finished-at="2025-12-18T22:57:14 IST" duration-ms="0" status="SKIP">
          <exception class="java.lang.NullPointerException">
            <message>
              <![CDATA[Cannot invoke "org.openqa.selenium.WebDriver.get(String)" because "this.driver" is null]]>
            </message>
            <full-stacktrace>
              <![CDATA[java.lang.NullPointerException: Cannot invoke "org.openqa.selenium.WebDriver.get(String)" because "this.driver" is null
at com.banking.pages.LoginPage.open(LoginPage.java:22)
at com.banking.tests.AccountTest.setup(AccountTest.java:30)
at java.base/jdk.internal.reflect.DirectMethodHandleAccessor.invoke(DirectMethodHandleAccessor.java:103)
at java.base/java.lang.reflect.Method.invoke(Method.java:580)
at org.testng.internal.invokers.MethodInvocationHelper.invokeMethod(MethodInvocationHelper.java:141)
at org.testng.internal.invokers.MethodInvocationHelper.invokeMethodConsideringTimeout(MethodInvocationHelper.java:71)
at org.testng.internal.invokers.ConfigInvoker.invokeConfigurationMethod(ConfigInvoker.java:400)
at org.testng.internal.invokers.ConfigInvoker.invokeConfigurations(ConfigInvoker.java:333)
at org.testng.internal.invokers.TestInvoker.runConfigMethods(TestInvoker.java:833)
at org.testng.internal.invokers.TestInvoker.invokeMethod(TestInvoker.java:600)
at org.testng.internal.invokers.TestInvoker.invokeTestMethod(TestInvoker.java:230)
at org.testng.internal.invokers.MethodRunner.runInSequence(MethodRunner.java:63)
at org.testng.internal.invokers.TestInvoker$MethodInvocationAgent.invoke(TestInvoker.java:992)
at org.testng.internal.invokers.TestInvoker.invokeTestMethods(TestInvoker.java:203)
at org.testng.internal.invokers.TestMethodWorker.invokeTestMethods(TestMethodWorker.java:154)
at org.testng.internal.invokers.TestMethodWorker.run(TestMethodWorker.java:134)
at java.base/java.util.ArrayList.forEach(ArrayList.java:1596)
at org.testng.TestRunner.privateRun(TestRunner.java:739)
at org.testng.TestRunner.run(TestRunner.java:614)
at org.testng.SuiteRunner.runTest(SuiteRunner.java:421)
at org.testng.SuiteRunner$SuiteWorker.run(SuiteRunner.java:463)
at org.testng.internal.thread.ThreadUtil.lambda$execute$0(ThreadUtil.java:64)
at java.base/java.util.concurrent.FutureTask.run(FutureTask.java:317)
at java.base/java.util.concurrent.ThreadPoolExecutor.runWorker(ThreadPoolExecutor.java:1144)
at java.base/java.util.concurrent.ThreadPoolExecutor$Worker.run(ThreadPoolExecutor.java:642)
at java.base/java.lang.Thread.run(Thread.java:1583)
]]>
            </full-stacktrace>
          </exception> <!-- java.lang.NullPointerException -->
          <reporter-output>
          </reporter-output>
        </test-method> <!-- viewSavingsAccountSummary -->
        <test-method is-config="true" signature="tearDown()[pri:0, instance:com.banking.tests.AccountTest@687e99d8]" started-at="2025-12-18T22:57:14 IST" name="tearDown" finished-at="2025-12-18T22:57:14 IST" duration-ms="0" status="SKIP">
          <reporter-output>
          </reporter-output>
        </test-method> <!-- tearDown -->
      </class> <!-- com.banking.tests.AccountTest -->
    </test> <!-- FireFox Tests -->
  </suite> <!-- Suite -->
</testng-results>
