<?xml version="1.0" encoding="UTF-8"?>
<!-- Generated by org.testng.reporters.JUnitReportReporter -->
<testsuite hostname="Jeyashree" failures="0" tests="8" name="com.banking.tests.NavigationTest" time="112.398" errors="0" timestamp="2025-12-18T23:03:58 IST" skipped="0">
  <testcase classname="com.banking.tests.NavigationTest" name="navigateThroughTopNavLinks" time="12.618"/>
  <testcase classname="com.banking.tests.NavigationTest" name="validateContactSuccessPopup" time="9.799"/>
  <testcase classname="com.banking.tests.NavigationTest" name="verifyLogoRedirectsToHome" time="11.941"/>
  <testcase classname="com.banking.tests.NavigationTest" name="validateContactSuccessPopup" time="24.146"/>
  <testcase classname="com.banking.tests.NavigationTest" name="validateButtonsVisibilityAndClickability" time="11.265"/>
  <testcase classname="com.banking.tests.NavigationTest" name="validateButtonsVisibilityAndClickability" time="13.775"/>
  <testcase classname="com.banking.tests.NavigationTest" name="verifyLogoRedirectsToHome" time="20.448"/>
  <testcase classname="com.banking.tests.NavigationTest" name="navigateThroughTopNavLinks" time="8.406"/>
</testsuite> <!-- com.banking.tests.NavigationTest -->
