<?xml version="1.0" encoding="UTF-8"?>
<!-- Generated by org.testng.reporters.JUnitReportReporter -->
<testsuite hostname="Jeyashree" failures="0" tests="4" name="com.banking.tests.LoanRequestTest" time="93.799" errors="0" timestamp="2025-12-17T22:02:09 IST" skipped="0">
  <testcase classname="com.banking.tests.LoanRequestTest" name="submitLoanRequestExceedingLimit" time="23.677"/>
  <testcase classname="com.banking.tests.LoanRequestTest" name="submitLoanRequestWithValidDetails" time="30.333"/>
  <testcase classname="com.banking.tests.LoanRequestTest" name="submitLoanRequestWithMissingInfo" time="16.499"/>
  <testcase classname="com.banking.tests.LoanRequestTest" name="verifyLoanRequestStatusAndResult" time="23.290"/>
</testsuite> <!-- com.banking.tests.LoanRequestTest -->
