<?xml version="1.0" encoding="UTF-8"?>
<!-- Generated by org.testng.reporters.JUnitXMLReporter -->
<testsuite ignored="0" hostname="Jeyashree" failures="4" tests="27" name="Test" time="188.849" errors="0" timestamp="2025-12-01T22:07:29 IST">
  <testcase classname="com.contact.tests.SignUpTest" name="signUpWithValidInputs" time="4.608"/>
  <testcase classname="com.contact.tests.SignUpTest" name="signUpwithAlreadyRegisteredEmail" time="3.301"/>
  <testcase classname="com.contact.tests.SignUpTest" name="signUpwithBlankFields" time="3.417"/>
  <testcase classname="com.contact.tests.SignUpTest" name="signUpwithIncorrectEmailFormat" time="3.307"/>
  <testcase classname="com.contact.tests.LoginTest" name="loginWithEmptyFields" time="2.517"/>
  <testcase classname="com.contact.tests.LoginTest" name="loginWithInvalidEmailFormat" time="2.365"/>
  <testcase classname="com.contact.tests.LoginTest" name="loginWithInvalidPassword" time="12.15"/>
  <testcase classname="com.contact.tests.LoginTest" name="loginWithValidCredentials" time="3.547"/>
  <testcase classname="com.contact.tests.LoginTest" name="verifyPasswordMasking" time="1.77"/>
  <testcase classname="com.contact.tests.AddContactTest" name="addContactWithValidDetails" time="6.351"/>
  <testcase classname="com.contact.tests.AddContactTest" name="addContactwithMissingFields" time="5.131"/>
  <testcase classname="com.contact.tests.AddContactTest" name="validateDuplicateContactDetails" time="5.891"/>
  <testcase classname="com.contact.tests.AddContactTest" name="validateFormReset" time="4.363"/>
  <testcase classname="com.contact.tests.AddContactTest" name="verifyPhoneFieldValidation" time="4.859"/>
  <testcase classname="com.contact.tests.EditContactTest" name="cancelEditShouldNotSave" time="10.084"/>
  <testcase classname="com.contact.tests.EditContactTest" name="editExistingContact" time="18.882"/>
  <testcase classname="com.contact.tests.EditContactTest" name="validationErrorOnEmptyLastName" time="15.773"/>
  <testcase classname="com.contact.tests.DeleteContactTest" name="deleteContactDetails" time="7.548"/>
  <testcase classname="com.contact.tests.DeleteContactTest" name="verifyDeleteConfirmationAlert" time="7.615"/>
  <testcase classname="com.contact.tests.InputValidationAndSecurityTest" name="testMaxCharacterLimitForFirstName" time="4.362">
    <failure type="java.lang.AssertionError" message="First Name field accept long input! expected [false] but found [true]">
      <![CDATA[java.lang.AssertionError: First Name field accept long input! expected [false] but found [true]
at com.contact.tests.InputValidationAndSecurityTest.testMaxCharacterLimitForFirstName(InputValidationAndSecurityTest.java:35)
at java.base/java.util.ArrayList.forEach(ArrayList.java:1511)
... Removed 30 stack frames]]>
    </failure>
  </testcase> <!-- testMaxCharacterLimitForFirstName -->
  <testcase classname="com.contact.tests.InputValidationAndSecurityTest" name="testUnicodeSupport" time="4.184">
    <failure type="org.openqa.selenium.WebDriverException" message="unknown error: ChromeDriver only supports characters in the BMP
  (Session info: chrome=142.0.7444.176)
Build info: version: &amp;apos;4.34.0&amp;apos;, revision: &amp;apos;707dcb4246*&amp;apos;
System info: os.name: &amp;apos;Windows 11&amp;apos;, os.arch: &amp;apos;amd64&amp;apos;, os.version: &amp;apos;10.0&amp;apos;, java.version: &amp;apos;17.0.4.1&amp;apos;
Driver info: org.openqa.selenium.chrome.ChromeDriver
Command: [470a7d8135f88edaae617f13c67b15e7, sendKeysToElement {value=[Ljava.lang.CharSequence;@1f641fb7, id=f.FEC697445619820A12BAA7F8287D9C83.d.D204BCBE5523BA9AF03CACAE82AAF19B.e.37}]
Capabilities {acceptInsecureCerts: false, browserName: chrome, browserVersion: 142.0.7444.176, chrome: {chromedriverVersion: 142.0.7444.175 (302067f14a4..., userDataDir: C:\Users\aravi\AppData\Loca...}, fedcm:accounts: true, goog:chromeOptions: {debuggerAddress: localhost:58611}, goog:processID: 3232, networkConnectionEnabled: false, pageLoadStrategy: normal, platformName: windows, proxy: Proxy(), se:cdp: ws://localhost:58611/devtoo..., se:cdpVersion: 142.0.7444.176, setWindowRect: true, strictFileInteractability: false, timeouts: {implicit: 0, pageLoad: 300000, script: 30000}, unhandledPromptBehavior: dismiss and notify, webauthn:extension:credBlob: true, webauthn:extension:largeBlob: true, webauthn:extension:minPinLength: true, webauthn:extension:prf: true, webauthn:virtualAuthenticators: true}
Element: [[ChromeDriver: chrome on windows (470a7d8135f88edaae617f13c67b15e7)] -&amp;gt; id: street1]
Session ID: 470a7d8135f88edaae617f13c67b15e7">
      <![CDATA[org.openqa.selenium.WebDriverException: unknown error: ChromeDriver only supports characters in the BMP
  (Session info: chrome=142.0.7444.176)
Build info: version: '4.34.0', revision: '707dcb4246*'
System info: os.name: 'Windows 11', os.arch: 'amd64', os.version: '10.0', java.version: '17.0.4.1'
Driver info: org.openqa.selenium.chrome.ChromeDriver
Command: [470a7d8135f88edaae617f13c67b15e7, sendKeysToElement {value=[Ljava.lang.CharSequence;@1f641fb7, id=f.FEC697445619820A12BAA7F8287D9C83.d.D204BCBE5523BA9AF03CACAE82AAF19B.e.37}]
Capabilities {acceptInsecureCerts: false, browserName: chrome, browserVersion: 142.0.7444.176, chrome: {chromedriverVersion: 142.0.7444.175 (302067f14a4..., userDataDir: C:\Users\aravi\AppData\Loca...}, fedcm:accounts: true, goog:chromeOptions: {debuggerAddress: localhost:58611}, goog:processID: 3232, networkConnectionEnabled: false, pageLoadStrategy: normal, platformName: windows, proxy: Proxy(), se:cdp: ws://localhost:58611/devtoo..., se:cdpVersion: 142.0.7444.176, setWindowRect: true, strictFileInteractability: false, timeouts: {implicit: 0, pageLoad: 300000, script: 30000}, unhandledPromptBehavior: dismiss and notify, webauthn:extension:credBlob: true, webauthn:extension:largeBlob: true, webauthn:extension:minPinLength: true, webauthn:extension:prf: true, webauthn:virtualAuthenticators: true}
Element: [[ChromeDriver: chrome on windows (470a7d8135f88edaae617f13c67b15e7)] -> id: street1]
Session ID: 470a7d8135f88edaae617f13c67b15e7
at org.openqa.selenium.remote.ErrorCodec.decode(ErrorCodec.java:167)
at org.openqa.selenium.remote.codec.w3c.W3CHttpResponseCodec.decode(W3CHttpResponseCodec.java:138)
at org.openqa.selenium.remote.codec.w3c.W3CHttpResponseCodec.decode(W3CHttpResponseCodec.java:50)
at org.openqa.selenium.remote.HttpCommandExecutor.execute(HttpCommandExecutor.java:215)
at org.openqa.selenium.remote.service.DriverCommandExecutor.invokeExecute(DriverCommandExecutor.java:216)
at org.openqa.selenium.remote.service.DriverCommandExecutor.execute(DriverCommandExecutor.java:174)
at org.openqa.selenium.remote.RemoteWebDriver.execute(RemoteWebDriver.java:544)
at org.openqa.selenium.remote.RemoteWebElement.execute(RemoteWebElement.java:223)
at org.openqa.selenium.remote.RemoteWebElement.sendKeys(RemoteWebElement.java:110)
at com.contact.pages.BasePage.type(BasePage.java:32)
at com.contact.pages.AddContactPage.isUnicodeAcceptedInAddress(AddContactPage.java:76)
at com.contact.tests.InputValidationAndSecurityTest.testUnicodeSupport(InputValidationAndSecurityTest.java:52)
at java.base/java.util.ArrayList.forEach(ArrayList.java:1511)
... Removed 32 stack frames]]>
    </failure>
  </testcase> <!-- testUnicodeSupport -->
  <testcase classname="com.contact.tests.SessionAndNavigationTest" name="verifyBackButtonDoesNotRestorePostLogoutSession" time="6.93">
    <failure type="java.lang.AssertionError" message="User accessed contact list using BACK after logout! expected [true] but found [false]">
      <![CDATA[java.lang.AssertionError: User accessed contact list using BACK after logout! expected [true] but found [false]
at com.contact.tests.SessionAndNavigationTest.verifyBackButtonDoesNotRestorePostLogoutSession(SessionAndNavigationTest.java:65)
at java.base/java.util.ArrayList.forEach(ArrayList.java:1511)
... Removed 30 stack frames]]>
    </failure>
  </testcase> <!-- verifyBackButtonDoesNotRestorePostLogoutSession -->
  <testcase classname="com.contact.tests.SessionAndNavigationTest" name="verifyLoginIsRequiredToAccessContactList" time="1.809"/>
  <testcase classname="com.contact.tests.SessionAndNavigationTest" name="verifyLoginStateOnRefresh" time="4.427"/>
  <testcase classname="com.contact.tests.SessionAndNavigationTest" name="verifyLogoutRedirectsToLoginPage" time="7.079"/>
  <testcase classname="com.contact.tests.UIandResponsivenessTest" name="testDeleteContactShowsSuccessMessage" time="7.608"/>
  <testcase classname="com.contact.tests.UIandResponsivenessTest" name="testFormFieldAlignment" time="4.11">
    <failure type="java.lang.AssertionError" message="Field alignment on Add Contact form is incorrect! expected [true] but found [false]">
      <![CDATA[java.lang.AssertionError: Field alignment on Add Contact form is incorrect! expected [true] but found [false]
at com.contact.tests.UIandResponsivenessTest.testFormFieldAlignment(UIandResponsivenessTest.java:27)
at java.base/java.util.ArrayList.forEach(ArrayList.java:1511)
... Removed 30 stack frames]]>
    </failure>
  </testcase> <!-- testFormFieldAlignment -->
</testsuite> <!-- Test -->
