<!DOCTYPE html PUBLIC "-//W3C//DTD XHTML 1.1//EN" "https://www.w3.org/TR/xhtml11/DTD/xhtml11.dtd">
<html xmlns="https://www.w3.org/1999/xhtml">
<head>
<meta http-equiv="content-type" content="text/html; charset=UTF-8"/>
<title>TestNG Report</title>
<style type="text/css">table {margin-bottom:10px;border-collapse:collapse;empty-cells:show}th,td {border:1px solid #009;padding:.25em .5em}th {vertical-align:bottom}td {vertical-align:top}table a {font-weight:bold}.stripe td {background-color: #E6EBF9}.num {text-align:right}.passedodd td {background-color: #3F3}.passedeven td {background-color: #0A0}.skippedodd td {background-color: #DDD}.skippedeven td {background-color: #CCC}.failedodd td,.attn {background-color: #F33}.failedeven td,.stripe .attn {background-color: #D00}.stacktrace {white-space:pre;font-family:monospace}.totop {font-size:85%;text-align:center;border-bottom:2px solid #000}.invisible {display:none}</style>
</head>
<body>
<table>
<tr><th>Test</th><th># Passed</th><th># Skipped</th><th># Retried</th><th># Failed</th><th>Time (ms)</th><th>Included Groups</th><th>Excluded Groups</th></tr>
<tr><th colspan="8">Suite</th></tr>
<tr><td><a href="#t0">Test</a></td><td class="num">23</td><td class="num">0</td><td class="num">0</td><td class="num attn">4</td><td class="num">188,849</td><td></td><td></td></tr>
</table>
<table id='summary'><thead><tr><th>Class</th><th>Method</th><th>Start</th><th>Time (ms)</th></tr></thead><tbody><tr><th colspan="4">Suite</th></tr></tbody><tbody id="t0"><tr><th colspan="4">Test &#8212; failed</th></tr><tr class="failedeven"><td rowspan="2">com.contact.tests.InputValidationAndSecurityTest</td><td><a href="#m0">testMaxCharacterLimitForFirstName</a></td><td rowspan="1">1764607002986</td><td rowspan="1">4362</td></tr><tr class="failedeven"><td><a href="#m1">testUnicodeSupport</a></td><td rowspan="1">1764607008224</td><td rowspan="1">4184</td></tr><tr class="failedodd"><td rowspan="1">com.contact.tests.SessionAndNavigationTest</td><td><a href="#m2">verifyBackButtonDoesNotRestorePostLogoutSession</a></td><td rowspan="1">1764607013299</td><td rowspan="1">6930</td></tr><tr class="failedeven"><td rowspan="1">com.contact.tests.UIandResponsivenessTest</td><td><a href="#m3">testFormFieldAlignment</a></td><td rowspan="1">1764607045656</td><td rowspan="1">4110</td></tr><tr><th colspan="4">Test &#8212; passed</th></tr><tr class="passedeven"><td rowspan="5">com.contact.tests.AddContactTest</td><td><a href="#m4">addContactWithValidDetails</a></td><td rowspan="1">1764606907485</td><td rowspan="1">6351</td></tr><tr class="passedeven"><td><a href="#m5">addContactwithMissingFields</a></td><td rowspan="1">1764606914721</td><td rowspan="1">5131</td></tr><tr class="passedeven"><td><a href="#m6">validateDuplicateContactDetails</a></td><td rowspan="1">1764606920740</td><td rowspan="1">5891</td></tr><tr class="passedeven"><td><a href="#m7">validateFormReset</a></td><td rowspan="1">1764606927496</td><td rowspan="1">4363</td></tr><tr class="passedeven"><td><a href="#m8">verifyPhoneFieldValidation</a></td><td rowspan="1">1764606932745</td><td rowspan="1">4859</td></tr><tr class="passedodd"><td rowspan="2">com.contact.tests.DeleteContactTest</td><td><a href="#m9">deleteContactDetails</a></td><td rowspan="1">1764606985985</td><td rowspan="1">7548</td></tr><tr class="passedodd"><td><a href="#m10">verifyDeleteConfirmationAlert</a></td><td rowspan="1">1764606994470</td><td rowspan="1">7615</td></tr><tr class="passedeven"><td rowspan="3">com.contact.tests.EditContactTest</td><td><a href="#m11">cancelEditShouldNotSave</a></td><td rowspan="1">1764606938480</td><td rowspan="1">10084</td></tr><tr class="passedeven"><td><a href="#m12">editExistingContact</a></td><td rowspan="1">1764606949479</td><td rowspan="1">18882</td></tr><tr class="passedeven"><td><a href="#m13">validationErrorOnEmptyLastName</a></td><td rowspan="1">1764606969263</td><td rowspan="1">15773</td></tr><tr class="passedodd"><td rowspan="5">com.contact.tests.LoginTest</td><td><a href="#m14">loginWithEmptyFields</a></td><td rowspan="1">1764606880710</td><td rowspan="1">2517</td></tr><tr class="passedodd"><td><a href="#m15">loginWithInvalidEmailFormat</a></td><td rowspan="1">1764606884100</td><td rowspan="1">2365</td></tr><tr class="passedodd"><td><a href="#m16">loginWithInvalidPassword</a></td><td rowspan="1">1764606887363</td><td rowspan="1">12150</td></tr><tr class="passedodd"><td><a href="#m17">loginWithValidCredentials</a></td><td rowspan="1">1764606900399</td><td rowspan="1">3547</td></tr><tr class="passedodd"><td><a href="#m18">verifyPasswordMasking</a></td><td rowspan="1">1764606904829</td><td rowspan="1">1770</td></tr><tr class="passedeven"><td rowspan="3">com.contact.tests.SessionAndNavigationTest</td><td><a href="#m19">verifyLoginIsRequiredToAccessContactList</a></td><td rowspan="1">1764607021132</td><td rowspan="1">1809</td></tr><tr class="passedeven"><td><a href="#m20">verifyLoginStateOnRefresh</a></td><td rowspan="1">1764607023812</td><td rowspan="1">4427</td></tr><tr class="passedeven"><td><a href="#m21">verifyLogoutRedirectsToLoginPage</a></td><td rowspan="1">1764607029113</td><td rowspan="1">7079</td></tr><tr class="passedodd"><td rowspan="4">com.contact.tests.SignUpTest</td><td><a href="#m22">signUpWithValidInputs</a></td><td rowspan="1">1764606862483</td><td rowspan="1">4608</td></tr><tr class="passedodd"><td><a href="#m23">signUpwithAlreadyRegisteredEmail</a></td><td rowspan="1">1764606868026</td><td rowspan="1">3301</td></tr><tr class="passedodd"><td><a href="#m24">signUpwithBlankFields</a></td><td rowspan="1">1764606872243</td><td rowspan="1">3417</td></tr><tr class="passedodd"><td><a href="#m25">signUpwithIncorrectEmailFormat</a></td><td rowspan="1">1764606876518</td><td rowspan="1">3307</td></tr><tr class="passedeven"><td rowspan="1">com.contact.tests.UIandResponsivenessTest</td><td><a href="#m26">testDeleteContactShowsSuccessMessage</a></td><td rowspan="1">1764607037121</td><td rowspan="1">7608</td></tr></tbody>
</table>
<h2>Test</h2><h3 id="m0">com.contact.tests.InputValidationAndSecurityTest#testMaxCharacterLimitForFirstName</h3><table class="result"><tr><th>Exception</th></tr><tr><td><div class="stacktrace">java.lang.AssertionError: First Name field accept long input! expected [false] but found [true]
	at com.contact.tests.InputValidationAndSecurityTest.testMaxCharacterLimitForFirstName(InputValidationAndSecurityTest.java:35)
	at java.base/java.util.ArrayList.forEach(ArrayList.java:1511)
... Removed 30 stack frames</div></td></tr></table><p class="totop"><a href="#summary">back to summary</a></p>
<h3 id="m1">com.contact.tests.InputValidationAndSecurityTest#testUnicodeSupport</h3><table class="result"><tr><th>Exception</th></tr><tr><td><div class="stacktrace">org.openqa.selenium.WebDriverException: unknown error: ChromeDriver only supports characters in the BMP
  (Session info: chrome=142.0.7444.176)
Build info: version: &apos;4.34.0&apos;, revision: &apos;707dcb4246*&apos;
System info: os.name: &apos;Windows 11&apos;, os.arch: &apos;amd64&apos;, os.version: &apos;10.0&apos;, java.version: &apos;17.0.4.1&apos;
Driver info: org.openqa.selenium.chrome.ChromeDriver
Command: [470a7d8135f88edaae617f13c67b15e7, sendKeysToElement {value=[Ljava.lang.CharSequence;@1f641fb7, id=f.FEC697445619820A12BAA7F8287D9C83.d.D204BCBE5523BA9AF03CACAE82AAF19B.e.37}]
Capabilities {acceptInsecureCerts: false, browserName: chrome, browserVersion: 142.0.7444.176, chrome: {chromedriverVersion: 142.0.7444.175 (302067f14a4..., userDataDir: C:\Users\aravi\AppData\Loca...}, fedcm:accounts: true, goog:chromeOptions: {debuggerAddress: localhost:58611}, goog:processID: 3232, networkConnectionEnabled: false, pageLoadStrategy: normal, platformName: windows, proxy: Proxy(), se:cdp: ws://localhost:58611/devtoo..., se:cdpVersion: 142.0.7444.176, setWindowRect: true, strictFileInteractability: false, timeouts: {implicit: 0, pageLoad: 300000, script: 30000}, unhandledPromptBehavior: dismiss and notify, webauthn:extension:credBlob: true, webauthn:extension:largeBlob: true, webauthn:extension:minPinLength: true, webauthn:extension:prf: true, webauthn:virtualAuthenticators: true}
Element: [[ChromeDriver: chrome on windows (470a7d8135f88edaae617f13c67b15e7)] -&gt; id: street1]
Session ID: 470a7d8135f88edaae617f13c67b15e7
	at org.openqa.selenium.remote.ErrorCodec.decode(ErrorCodec.java:167)
	at org.openqa.selenium.remote.codec.w3c.W3CHttpResponseCodec.decode(W3CHttpResponseCodec.java:138)
	at org.openqa.selenium.remote.codec.w3c.W3CHttpResponseCodec.decode(W3CHttpResponseCodec.java:50)
	at org.openqa.selenium.remote.HttpCommandExecutor.execute(HttpCommandExecutor.java:215)
	at org.openqa.selenium.remote.service.DriverCommandExecutor.invokeExecute(DriverCommandExecutor.java:216)
	at org.openqa.selenium.remote.service.DriverCommandExecutor.execute(DriverCommandExecutor.java:174)
	at org.openqa.selenium.remote.RemoteWebDriver.execute(RemoteWebDriver.java:544)
	at org.openqa.selenium.remote.RemoteWebElement.execute(RemoteWebElement.java:223)
	at org.openqa.selenium.remote.RemoteWebElement.sendKeys(RemoteWebElement.java:110)
	at com.contact.pages.BasePage.type(BasePage.java:32)
	at com.contact.pages.AddContactPage.isUnicodeAcceptedInAddress(AddContactPage.java:76)
	at com.contact.tests.InputValidationAndSecurityTest.testUnicodeSupport(InputValidationAndSecurityTest.java:52)
	at java.base/java.util.ArrayList.forEach(ArrayList.java:1511)
... Removed 32 stack frames</div></td></tr></table><p class="totop"><a href="#summary">back to summary</a></p>
<h3 id="m2">com.contact.tests.SessionAndNavigationTest#verifyBackButtonDoesNotRestorePostLogoutSession</h3><table class="result"><tr><th>Exception</th></tr><tr><td><div class="stacktrace">java.lang.AssertionError: User accessed contact list using BACK after logout! expected [true] but found [false]
	at com.contact.tests.SessionAndNavigationTest.verifyBackButtonDoesNotRestorePostLogoutSession(SessionAndNavigationTest.java:65)
	at java.base/java.util.ArrayList.forEach(ArrayList.java:1511)
... Removed 30 stack frames</div></td></tr></table><p class="totop"><a href="#summary">back to summary</a></p>
<h3 id="m3">com.contact.tests.UIandResponsivenessTest#testFormFieldAlignment</h3><table class="result"><tr><th>Exception</th></tr><tr><td><div class="stacktrace">java.lang.AssertionError: Field alignment on Add Contact form is incorrect! expected [true] but found [false]
	at com.contact.tests.UIandResponsivenessTest.testFormFieldAlignment(UIandResponsivenessTest.java:27)
	at java.base/java.util.ArrayList.forEach(ArrayList.java:1511)
... Removed 30 stack frames</div></td></tr></table><p class="totop"><a href="#summary">back to summary</a></p>
<h3 id="m4">com.contact.tests.AddContactTest#addContactWithValidDetails</h3><table class="result"><tr><th class="invisible"/></tr></table><p class="totop"><a href="#summary">back to summary</a></p>
<h3 id="m5">com.contact.tests.AddContactTest#addContactwithMissingFields</h3><table class="result"><tr><th class="invisible"/></tr></table><p class="totop"><a href="#summary">back to summary</a></p>
<h3 id="m6">com.contact.tests.AddContactTest#validateDuplicateContactDetails</h3><table class="result"><tr><th class="invisible"/></tr></table><p class="totop"><a href="#summary">back to summary</a></p>
<h3 id="m7">com.contact.tests.AddContactTest#validateFormReset</h3><table class="result"><tr><th class="invisible"/></tr></table><p class="totop"><a href="#summary">back to summary</a></p>
<h3 id="m8">com.contact.tests.AddContactTest#verifyPhoneFieldValidation</h3><table class="result"><tr><th class="invisible"/></tr></table><p class="totop"><a href="#summary">back to summary</a></p>
<h3 id="m9">com.contact.tests.DeleteContactTest#deleteContactDetails</h3><table class="result"><tr><th class="invisible"/></tr></table><p class="totop"><a href="#summary">back to summary</a></p>
<h3 id="m10">com.contact.tests.DeleteContactTest#verifyDeleteConfirmationAlert</h3><table class="result"><tr><th class="invisible"/></tr></table><p class="totop"><a href="#summary">back to summary</a></p>
<h3 id="m11">com.contact.tests.EditContactTest#cancelEditShouldNotSave</h3><table class="result"><tr><th class="invisible"/></tr></table><p class="totop"><a href="#summary">back to summary</a></p>
<h3 id="m12">com.contact.tests.EditContactTest#editExistingContact</h3><table class="result"><tr><th class="invisible"/></tr></table><p class="totop"><a href="#summary">back to summary</a></p>
<h3 id="m13">com.contact.tests.EditContactTest#validationErrorOnEmptyLastName</h3><table class="result"><tr><th class="invisible"/></tr></table><p class="totop"><a href="#summary">back to summary</a></p>
<h3 id="m14">com.contact.tests.LoginTest#loginWithEmptyFields</h3><table class="result"><tr><th class="invisible"/></tr></table><p class="totop"><a href="#summary">back to summary</a></p>
<h3 id="m15">com.contact.tests.LoginTest#loginWithInvalidEmailFormat</h3><table class="result"><tr><th class="invisible"/></tr></table><p class="totop"><a href="#summary">back to summary</a></p>
<h3 id="m16">com.contact.tests.LoginTest#loginWithInvalidPassword</h3><table class="result"><tr><th class="invisible"/></tr></table><p class="totop"><a href="#summary">back to summary</a></p>
<h3 id="m17">com.contact.tests.LoginTest#loginWithValidCredentials</h3><table class="result"><tr><th class="invisible"/></tr></table><p class="totop"><a href="#summary">back to summary</a></p>
<h3 id="m18">com.contact.tests.LoginTest#verifyPasswordMasking</h3><table class="result"><tr><th class="invisible"/></tr></table><p class="totop"><a href="#summary">back to summary</a></p>
<h3 id="m19">com.contact.tests.SessionAndNavigationTest#verifyLoginIsRequiredToAccessContactList</h3><table class="result"><tr><th class="invisible"/></tr></table><p class="totop"><a href="#summary">back to summary</a></p>
<h3 id="m20">com.contact.tests.SessionAndNavigationTest#verifyLoginStateOnRefresh</h3><table class="result"><tr><th class="invisible"/></tr></table><p class="totop"><a href="#summary">back to summary</a></p>
<h3 id="m21">com.contact.tests.SessionAndNavigationTest#verifyLogoutRedirectsToLoginPage</h3><table class="result"><tr><th class="invisible"/></tr></table><p class="totop"><a href="#summary">back to summary</a></p>
<h3 id="m22">com.contact.tests.SignUpTest#signUpWithValidInputs</h3><table class="result"><tr><th class="invisible"/></tr></table><p class="totop"><a href="#summary">back to summary</a></p>
<h3 id="m23">com.contact.tests.SignUpTest#signUpwithAlreadyRegisteredEmail</h3><table class="result"><tr><th class="invisible"/></tr></table><p class="totop"><a href="#summary">back to summary</a></p>
<h3 id="m24">com.contact.tests.SignUpTest#signUpwithBlankFields</h3><table class="result"><tr><th class="invisible"/></tr></table><p class="totop"><a href="#summary">back to summary</a></p>
<h3 id="m25">com.contact.tests.SignUpTest#signUpwithIncorrectEmailFormat</h3><table class="result"><tr><th class="invisible"/></tr></table><p class="totop"><a href="#summary">back to summary</a></p>
<h3 id="m26">com.contact.tests.UIandResponsivenessTest#testDeleteContactShowsSuccessMessage</h3><table class="result"><tr><th class="invisible"/></tr></table><p class="totop"><a href="#summary">back to summary</a></p>
</body>
</html>
