<?xml version="1.0" encoding="UTF-8"?>
<testng-results ignored="0" total="27" passed="23" failed="4" skipped="0">
  <reporter-output>
  </reporter-output>
  <suite started-at="2025-12-01T22:04:21 IST" name="Suite" finished-at="2025-12-01T22:07:29 IST" duration-ms="188849">
    <groups>
    </groups>
    <test started-at="2025-12-01T22:04:21 IST" name="Test" finished-at="2025-12-01T22:07:29 IST" duration-ms="188849">
      <class name="com.contact.tests.SessionAndNavigationTest">
        <test-method is-config="true" signature="setUp(java.lang.String)[pri:0, instance:com.contact.tests.SessionAndNavigationTest@6e9a5ed8]" started-at="2025-12-01T22:06:52 IST" name="setUp" finished-at="2025-12-01T22:06:53 IST" duration-ms="712" status="PASS">
          <params>
            <param index="0">
              <value>
                <![CDATA[chrome]]>
              </value>
            </param>
          </params>
          <reporter-output>
          </reporter-output>
        </test-method> <!-- setUp -->
        <test-method signature="verifyBackButtonDoesNotRestorePostLogoutSession()[pri:0, instance:com.contact.tests.SessionAndNavigationTest@6e9a5ed8]" started-at="2025-12-01T22:06:53 IST" name="verifyBackButtonDoesNotRestorePostLogoutSession" description="verifyBackButtonDoesNotRestorePostLogoutSession" finished-at="2025-12-01T22:07:00 IST" duration-ms="6930" status="FAIL">
          <exception class="java.lang.AssertionError">
            <message>
              <![CDATA[User accessed contact list using BACK after logout! expected [true] but found [false]]]>
            </message>
            <full-stacktrace>
              <![CDATA[java.lang.AssertionError: User accessed contact list using BACK after logout! expected [true] but found [false]
at org.testng.Assert.fail(Assert.java:111)
at org.testng.Assert.failNotEquals(Assert.java:1590)
at org.testng.Assert.assertTrue(Assert.java:57)
at com.contact.tests.SessionAndNavigationTest.verifyBackButtonDoesNotRestorePostLogoutSession(SessionAndNavigationTest.java:65)
at java.base/jdk.internal.reflect.NativeMethodAccessorImpl.invoke0(Native Method)
at java.base/jdk.internal.reflect.NativeMethodAccessorImpl.invoke(NativeMethodAccessorImpl.java:77)
at java.base/jdk.internal.reflect.DelegatingMethodAccessorImpl.invoke(DelegatingMethodAccessorImpl.java:43)
at java.base/java.lang.reflect.Method.invoke(Method.java:568)
at org.testng.internal.invokers.MethodInvocationHelper.invokeMethod(MethodInvocationHelper.java:141)
at org.testng.internal.invokers.TestInvoker.invokeMethod(TestInvoker.java:687)
at org.testng.internal.invokers.TestInvoker.invokeTestMethod(TestInvoker.java:230)
at org.testng.internal.invokers.MethodRunner.runInSequence(MethodRunner.java:63)
at org.testng.internal.invokers.TestInvoker$MethodInvocationAgent.invoke(TestInvoker.java:995)
at org.testng.internal.invokers.TestInvoker.invokeTestMethods(TestInvoker.java:203)
at org.testng.internal.invokers.TestMethodWorker.invokeTestMethods(TestMethodWorker.java:154)
at org.testng.internal.invokers.TestMethodWorker.run(TestMethodWorker.java:134)
at java.base/java.util.ArrayList.forEach(ArrayList.java:1511)
at org.testng.TestRunner.privateRun(TestRunner.java:741)
at org.testng.TestRunner.run(TestRunner.java:616)
at org.testng.SuiteRunner.runTest(SuiteRunner.java:421)
at org.testng.SuiteRunner.runSequentially(SuiteRunner.java:413)
at org.testng.SuiteRunner.privateRun(SuiteRunner.java:373)
at org.testng.SuiteRunner.run(SuiteRunner.java:312)
at org.testng.SuiteRunnerWorker.runSuite(SuiteRunnerWorker.java:52)
at org.testng.SuiteRunnerWorker.run(SuiteRunnerWorker.java:95)
at org.testng.TestNG.runSuitesSequentially(TestNG.java:1274)
at org.testng.TestNG.runSuitesLocally(TestNG.java:1208)
at org.testng.TestNG.runSuites(TestNG.java:1112)
at org.testng.TestNG.run(TestNG.java:1079)
at org.testng.remote.AbstractRemoteTestNG.run(AbstractRemoteTestNG.java:115)
at org.testng.remote.RemoteTestNG.initAndRun(RemoteTestNG.java:293)
at org.testng.remote.RemoteTestNG.main(RemoteTestNG.java:91)
]]>
            </full-stacktrace>
          </exception> <!-- java.lang.AssertionError -->
          <reporter-output>
          </reporter-output>
        </test-method> <!-- verifyBackButtonDoesNotRestorePostLogoutSession -->
        <test-method is-config="true" signature="tearDown()[pri:0, instance:com.contact.tests.SessionAndNavigationTest@6e9a5ed8]" started-at="2025-12-01T22:07:00 IST" name="tearDown" finished-at="2025-12-01T22:07:00 IST" duration-ms="198" status="PASS">
          <reporter-output>
          </reporter-output>
        </test-method> <!-- tearDown -->
        <test-method is-config="true" signature="setUp(java.lang.String)[pri:0, instance:com.contact.tests.SessionAndNavigationTest@6e9a5ed8]" started-at="2025-12-01T22:07:00 IST" name="setUp" finished-at="2025-12-01T22:07:01 IST" duration-ms="703" status="PASS">
          <params>
            <param index="0">
              <value>
                <![CDATA[chrome]]>
              </value>
            </param>
          </params>
          <reporter-output>
          </reporter-output>
        </test-method> <!-- setUp -->
        <test-method signature="verifyLoginIsRequiredToAccessContactList()[pri:0, instance:com.contact.tests.SessionAndNavigationTest@6e9a5ed8]" started-at="2025-12-01T22:07:01 IST" name="verifyLoginIsRequiredToAccessContactList" description=" VerifyLoginIsRequiredToAccessContactList" finished-at="2025-12-01T22:07:02 IST" duration-ms="1809" status="PASS">
          <reporter-output>
          </reporter-output>
        </test-method> <!-- verifyLoginIsRequiredToAccessContactList -->
        <test-method is-config="true" signature="tearDown()[pri:0, instance:com.contact.tests.SessionAndNavigationTest@6e9a5ed8]" started-at="2025-12-01T22:07:02 IST" name="tearDown" finished-at="2025-12-01T22:07:03 IST" duration-ms="163" status="PASS">
          <reporter-output>
          </reporter-output>
        </test-method> <!-- tearDown -->
        <test-method is-config="true" signature="setUp(java.lang.String)[pri:0, instance:com.contact.tests.SessionAndNavigationTest@6e9a5ed8]" started-at="2025-12-01T22:07:03 IST" name="setUp" finished-at="2025-12-01T22:07:03 IST" duration-ms="707" status="PASS">
          <params>
            <param index="0">
              <value>
                <![CDATA[chrome]]>
              </value>
            </param>
          </params>
          <reporter-output>
          </reporter-output>
        </test-method> <!-- setUp -->
        <test-method signature="verifyLoginStateOnRefresh()[pri:0, instance:com.contact.tests.SessionAndNavigationTest@6e9a5ed8]" started-at="2025-12-01T22:07:03 IST" name="verifyLoginStateOnRefresh" description="Verify login state on refresh" finished-at="2025-12-01T22:07:08 IST" duration-ms="4427" status="PASS">
          <reporter-output>
          </reporter-output>
        </test-method> <!-- verifyLoginStateOnRefresh -->
        <test-method is-config="true" signature="tearDown()[pri:0, instance:com.contact.tests.SessionAndNavigationTest@6e9a5ed8]" started-at="2025-12-01T22:07:08 IST" name="tearDown" finished-at="2025-12-01T22:07:08 IST" duration-ms="158" status="PASS">
          <reporter-output>
          </reporter-output>
        </test-method> <!-- tearDown -->
        <test-method is-config="true" signature="setUp(java.lang.String)[pri:0, instance:com.contact.tests.SessionAndNavigationTest@6e9a5ed8]" started-at="2025-12-01T22:07:08 IST" name="setUp" finished-at="2025-12-01T22:07:09 IST" duration-ms="714" status="PASS">
          <params>
            <param index="0">
              <value>
                <![CDATA[chrome]]>
              </value>
            </param>
          </params>
          <reporter-output>
          </reporter-output>
        </test-method> <!-- setUp -->
        <test-method signature="verifyLogoutRedirectsToLoginPage()[pri:0, instance:com.contact.tests.SessionAndNavigationTest@6e9a5ed8]" started-at="2025-12-01T22:07:09 IST" name="verifyLogoutRedirectsToLoginPage" description="Verify logout redirects to login page" finished-at="2025-12-01T22:07:16 IST" duration-ms="7079" status="PASS">
          <reporter-output>
          </reporter-output>
        </test-method> <!-- verifyLogoutRedirectsToLoginPage -->
        <test-method is-config="true" signature="tearDown()[pri:0, instance:com.contact.tests.SessionAndNavigationTest@6e9a5ed8]" started-at="2025-12-01T22:07:16 IST" name="tearDown" finished-at="2025-12-01T22:07:16 IST" duration-ms="197" status="PASS">
          <reporter-output>
          </reporter-output>
        </test-method> <!-- tearDown -->
      </class> <!-- com.contact.tests.SessionAndNavigationTest -->
      <class name="com.contact.tests.DeleteContactTest">
        <test-method is-config="true" signature="setUp(java.lang.String)[pri:0, instance:com.contact.tests.DeleteContactTest@5b247367]" started-at="2025-12-01T22:06:25 IST" name="setUp" finished-at="2025-12-01T22:06:25 IST" duration-ms="731" status="PASS">
          <params>
            <param index="0">
              <value>
                <![CDATA[chrome]]>
              </value>
            </param>
          </params>
          <reporter-output>
          </reporter-output>
        </test-method> <!-- setUp -->
        <test-method signature="deleteContactDetails()[pri:0, instance:com.contact.tests.DeleteContactTest@5b247367]" started-at="2025-12-01T22:06:25 IST" name="deleteContactDetails" description="Verify deleting a contact" finished-at="2025-12-01T22:06:33 IST" duration-ms="7548" status="PASS">
          <reporter-output>
          </reporter-output>
        </test-method> <!-- deleteContactDetails -->
        <test-method is-config="true" signature="tearDown()[pri:0, instance:com.contact.tests.DeleteContactTest@5b247367]" started-at="2025-12-01T22:06:33 IST" name="tearDown" finished-at="2025-12-01T22:06:33 IST" duration-ms="208" status="PASS">
          <reporter-output>
          </reporter-output>
        </test-method> <!-- tearDown -->
        <test-method is-config="true" signature="setUp(java.lang.String)[pri:0, instance:com.contact.tests.DeleteContactTest@5b247367]" started-at="2025-12-01T22:06:33 IST" name="setUp" finished-at="2025-12-01T22:06:34 IST" duration-ms="728" status="PASS">
          <params>
            <param index="0">
              <value>
                <![CDATA[chrome]]>
              </value>
            </param>
          </params>
          <reporter-output>
          </reporter-output>
        </test-method> <!-- setUp -->
        <test-method signature="verifyDeleteConfirmationAlert()[pri:0, instance:com.contact.tests.DeleteContactTest@5b247367]" started-at="2025-12-01T22:06:34 IST" name="verifyDeleteConfirmationAlert" description="verify Delete Confirmation Alert" finished-at="2025-12-01T22:06:42 IST" duration-ms="7615" status="PASS">
          <reporter-output>
          </reporter-output>
        </test-method> <!-- verifyDeleteConfirmationAlert -->
        <test-method is-config="true" signature="tearDown()[pri:0, instance:com.contact.tests.DeleteContactTest@5b247367]" started-at="2025-12-01T22:06:42 IST" name="tearDown" finished-at="2025-12-01T22:06:42 IST" duration-ms="193" status="PASS">
          <reporter-output>
          </reporter-output>
        </test-method> <!-- tearDown -->
      </class> <!-- com.contact.tests.DeleteContactTest -->
      <class name="com.contact.tests.UIandResponsivenessTest">
        <test-method is-config="true" signature="setUp(java.lang.String)[pri:0, instance:com.contact.tests.UIandResponsivenessTest@7e057f43]" started-at="2025-12-01T22:07:16 IST" name="setUp" finished-at="2025-12-01T22:07:17 IST" duration-ms="731" status="PASS">
          <params>
            <param index="0">
              <value>
                <![CDATA[chrome]]>
              </value>
            </param>
          </params>
          <reporter-output>
          </reporter-output>
        </test-method> <!-- setUp -->
        <test-method signature="testDeleteContactShowsSuccessMessage()[pri:0, instance:com.contact.tests.UIandResponsivenessTest@7e057f43]" started-at="2025-12-01T22:07:17 IST" name="testDeleteContactShowsSuccessMessage" description="testDeleteContactShowsSuccessMessage" finished-at="2025-12-01T22:07:24 IST" duration-ms="7608" status="PASS">
          <reporter-output>
          </reporter-output>
        </test-method> <!-- testDeleteContactShowsSuccessMessage -->
        <test-method is-config="true" signature="tearDown()[pri:0, instance:com.contact.tests.UIandResponsivenessTest@7e057f43]" started-at="2025-12-01T22:07:24 IST" name="tearDown" finished-at="2025-12-01T22:07:24 IST" duration-ms="203" status="PASS">
          <reporter-output>
          </reporter-output>
        </test-method> <!-- tearDown -->
        <test-method is-config="true" signature="setUp(java.lang.String)[pri:0, instance:com.contact.tests.UIandResponsivenessTest@7e057f43]" started-at="2025-12-01T22:07:24 IST" name="setUp" finished-at="2025-12-01T22:07:25 IST" duration-ms="724" status="PASS">
          <params>
            <param index="0">
              <value>
                <![CDATA[chrome]]>
              </value>
            </param>
          </params>
          <reporter-output>
          </reporter-output>
        </test-method> <!-- setUp -->
        <test-method signature="testFormFieldAlignment()[pri:0, instance:com.contact.tests.UIandResponsivenessTest@7e057f43]" started-at="2025-12-01T22:07:25 IST" name="testFormFieldAlignment" description="testFormFieldAlignment" finished-at="2025-12-01T22:07:29 IST" duration-ms="4110" status="FAIL">
          <exception class="java.lang.AssertionError">
            <message>
              <![CDATA[Field alignment on Add Contact form is incorrect! expected [true] but found [false]]]>
            </message>
            <full-stacktrace>
              <![CDATA[java.lang.AssertionError: Field alignment on Add Contact form is incorrect! expected [true] but found [false]
at org.testng.Assert.fail(Assert.java:111)
at org.testng.Assert.failNotEquals(Assert.java:1590)
at org.testng.Assert.assertTrue(Assert.java:57)
at com.contact.tests.UIandResponsivenessTest.testFormFieldAlignment(UIandResponsivenessTest.java:27)
at java.base/jdk.internal.reflect.NativeMethodAccessorImpl.invoke0(Native Method)
at java.base/jdk.internal.reflect.NativeMethodAccessorImpl.invoke(NativeMethodAccessorImpl.java:77)
at java.base/jdk.internal.reflect.DelegatingMethodAccessorImpl.invoke(DelegatingMethodAccessorImpl.java:43)
at java.base/java.lang.reflect.Method.invoke(Method.java:568)
at org.testng.internal.invokers.MethodInvocationHelper.invokeMethod(MethodInvocationHelper.java:141)
at org.testng.internal.invokers.TestInvoker.invokeMethod(TestInvoker.java:687)
at org.testng.internal.invokers.TestInvoker.invokeTestMethod(TestInvoker.java:230)
at org.testng.internal.invokers.MethodRunner.runInSequence(MethodRunner.java:63)
at org.testng.internal.invokers.TestInvoker$MethodInvocationAgent.invoke(TestInvoker.java:995)
at org.testng.internal.invokers.TestInvoker.invokeTestMethods(TestInvoker.java:203)
at org.testng.internal.invokers.TestMethodWorker.invokeTestMethods(TestMethodWorker.java:154)
at org.testng.internal.invokers.TestMethodWorker.run(TestMethodWorker.java:134)
at java.base/java.util.ArrayList.forEach(ArrayList.java:1511)
at org.testng.TestRunner.privateRun(TestRunner.java:741)
at org.testng.TestRunner.run(TestRunner.java:616)
at org.testng.SuiteRunner.runTest(SuiteRunner.java:421)
at org.testng.SuiteRunner.runSequentially(SuiteRunner.java:413)
at org.testng.SuiteRunner.privateRun(SuiteRunner.java:373)
at org.testng.SuiteRunner.run(SuiteRunner.java:312)
at org.testng.SuiteRunnerWorker.runSuite(SuiteRunnerWorker.java:52)
at org.testng.SuiteRunnerWorker.run(SuiteRunnerWorker.java:95)
at org.testng.TestNG.runSuitesSequentially(TestNG.java:1274)
at org.testng.TestNG.runSuitesLocally(TestNG.java:1208)
at org.testng.TestNG.runSuites(TestNG.java:1112)
at org.testng.TestNG.run(TestNG.java:1079)
at org.testng.remote.AbstractRemoteTestNG.run(AbstractRemoteTestNG.java:115)
at org.testng.remote.RemoteTestNG.initAndRun(RemoteTestNG.java:293)
at org.testng.remote.RemoteTestNG.main(RemoteTestNG.java:91)
]]>
            </full-stacktrace>
          </exception> <!-- java.lang.AssertionError -->
          <reporter-output>
          </reporter-output>
        </test-method> <!-- testFormFieldAlignment -->
        <test-method is-config="true" signature="tearDown()[pri:0, instance:com.contact.tests.UIandResponsivenessTest@7e057f43]" started-at="2025-12-01T22:07:29 IST" name="tearDown" finished-at="2025-12-01T22:07:29 IST" duration-ms="163" status="PASS">
          <reporter-output>
          </reporter-output>
        </test-method> <!-- tearDown -->
      </class> <!-- com.contact.tests.UIandResponsivenessTest -->
      <class name="com.contact.tests.AddContactTest">
        <test-method is-config="true" signature="setUp(java.lang.String)[pri:0, instance:com.contact.tests.AddContactTest@6fa51cd4]" started-at="2025-12-01T22:05:06 IST" name="setUp" finished-at="2025-12-01T22:05:07 IST" duration-ms="705" status="PASS">
          <params>
            <param index="0">
              <value>
                <![CDATA[chrome]]>
              </value>
            </param>
          </params>
          <reporter-output>
          </reporter-output>
        </test-method> <!-- setUp -->
        <test-method signature="addContactWithValidDetails()[pri:0, instance:com.contact.tests.AddContactTest@6fa51cd4]" started-at="2025-12-01T22:05:07 IST" name="addContactWithValidDetails" description="Verify adding contact with all valid details" finished-at="2025-12-01T22:05:13 IST" duration-ms="6351" status="PASS">
          <reporter-output>
          </reporter-output>
        </test-method> <!-- addContactWithValidDetails -->
        <test-method is-config="true" signature="tearDown()[pri:0, instance:com.contact.tests.AddContactTest@6fa51cd4]" started-at="2025-12-01T22:05:13 IST" name="tearDown" finished-at="2025-12-01T22:05:14 IST" duration-ms="176" status="PASS">
          <reporter-output>
          </reporter-output>
        </test-method> <!-- tearDown -->
        <test-method is-config="true" signature="setUp(java.lang.String)[pri:0, instance:com.contact.tests.AddContactTest@6fa51cd4]" started-at="2025-12-01T22:05:14 IST" name="setUp" finished-at="2025-12-01T22:05:14 IST" duration-ms="708" status="PASS">
          <params>
            <param index="0">
              <value>
                <![CDATA[chrome]]>
              </value>
            </param>
          </params>
          <reporter-output>
          </reporter-output>
        </test-method> <!-- setUp -->
        <test-method signature="addContactwithMissingFields()[pri:0, instance:com.contact.tests.AddContactTest@6fa51cd4]" started-at="2025-12-01T22:05:14 IST" name="addContactwithMissingFields" description="Verify adding contact with missing required fields" finished-at="2025-12-01T22:05:19 IST" duration-ms="5131" status="PASS">
          <reporter-output>
          </reporter-output>
        </test-method> <!-- addContactwithMissingFields -->
        <test-method is-config="true" signature="tearDown()[pri:0, instance:com.contact.tests.AddContactTest@6fa51cd4]" started-at="2025-12-01T22:05:19 IST" name="tearDown" finished-at="2025-12-01T22:05:20 IST" duration-ms="156" status="PASS">
          <reporter-output>
          </reporter-output>
        </test-method> <!-- tearDown -->
        <test-method is-config="true" signature="setUp(java.lang.String)[pri:0, instance:com.contact.tests.AddContactTest@6fa51cd4]" started-at="2025-12-01T22:05:20 IST" name="setUp" finished-at="2025-12-01T22:05:20 IST" duration-ms="731" status="PASS">
          <params>
            <param index="0">
              <value>
                <![CDATA[chrome]]>
              </value>
            </param>
          </params>
          <reporter-output>
          </reporter-output>
        </test-method> <!-- setUp -->
        <test-method signature="validateDuplicateContactDetails()[pri:0, instance:com.contact.tests.AddContactTest@6fa51cd4]" started-at="2025-12-01T22:05:20 IST" name="validateDuplicateContactDetails" description="Verify adding duplicate contact details" finished-at="2025-12-01T22:05:26 IST" duration-ms="5891" status="PASS">
          <reporter-output>
          </reporter-output>
        </test-method> <!-- validateDuplicateContactDetails -->
        <test-method is-config="true" signature="tearDown()[pri:0, instance:com.contact.tests.AddContactTest@6fa51cd4]" started-at="2025-12-01T22:05:26 IST" name="tearDown" finished-at="2025-12-01T22:05:26 IST" duration-ms="159" status="PASS">
          <reporter-output>
          </reporter-output>
        </test-method> <!-- tearDown -->
        <test-method is-config="true" signature="setUp(java.lang.String)[pri:0, instance:com.contact.tests.AddContactTest@6fa51cd4]" started-at="2025-12-01T22:05:26 IST" name="setUp" finished-at="2025-12-01T22:05:27 IST" duration-ms="705" status="PASS">
          <params>
            <param index="0">
              <value>
                <![CDATA[chrome]]>
              </value>
            </param>
          </params>
          <reporter-output>
          </reporter-output>
        </test-method> <!-- setUp -->
        <test-method signature="validateFormReset()[pri:0, instance:com.contact.tests.AddContactTest@6fa51cd4]" started-at="2025-12-01T22:05:27 IST" name="validateFormReset" description="Verify form resets after contact is added" finished-at="2025-12-01T22:05:31 IST" duration-ms="4363" status="PASS">
          <reporter-output>
          </reporter-output>
        </test-method> <!-- validateFormReset -->
        <test-method is-config="true" signature="tearDown()[pri:0, instance:com.contact.tests.AddContactTest@6fa51cd4]" started-at="2025-12-01T22:05:31 IST" name="tearDown" finished-at="2025-12-01T22:05:32 IST" duration-ms="178" status="PASS">
          <reporter-output>
          </reporter-output>
        </test-method> <!-- tearDown -->
        <test-method is-config="true" signature="setUp(java.lang.String)[pri:0, instance:com.contact.tests.AddContactTest@6fa51cd4]" started-at="2025-12-01T22:05:32 IST" name="setUp" finished-at="2025-12-01T22:05:32 IST" duration-ms="708" status="PASS">
          <params>
            <param index="0">
              <value>
                <![CDATA[chrome]]>
              </value>
            </param>
          </params>
          <reporter-output>
          </reporter-output>
        </test-method> <!-- setUp -->
        <test-method signature="verifyPhoneFieldValidation()[pri:0, instance:com.contact.tests.AddContactTest@6fa51cd4]" started-at="2025-12-01T22:05:32 IST" name="verifyPhoneFieldValidation" description="Verify phone field accepts only numeric input" finished-at="2025-12-01T22:05:37 IST" duration-ms="4859" status="PASS">
          <reporter-output>
          </reporter-output>
        </test-method> <!-- verifyPhoneFieldValidation -->
        <test-method is-config="true" signature="tearDown()[pri:0, instance:com.contact.tests.AddContactTest@6fa51cd4]" started-at="2025-12-01T22:05:37 IST" name="tearDown" finished-at="2025-12-01T22:05:37 IST" duration-ms="149" status="PASS">
          <reporter-output>
          </reporter-output>
        </test-method> <!-- tearDown -->
      </class> <!-- com.contact.tests.AddContactTest -->
      <class name="com.contact.tests.LoginTest">
        <test-method is-config="true" signature="setUp(java.lang.String)[pri:0, instance:com.contact.tests.LoginTest@402c4085]" started-at="2025-12-01T22:04:39 IST" name="setUp" finished-at="2025-12-01T22:04:40 IST" duration-ms="727" status="PASS">
          <params>
            <param index="0">
              <value>
                <![CDATA[chrome]]>
              </value>
            </param>
          </params>
          <reporter-output>
          </reporter-output>
        </test-method> <!-- setUp -->
        <test-method signature="loginWithEmptyFields()[pri:0, instance:com.contact.tests.LoginTest@402c4085]" started-at="2025-12-01T22:04:40 IST" name="loginWithEmptyFields" description="Verify login with empty fields" finished-at="2025-12-01T22:04:43 IST" duration-ms="2517" status="PASS">
          <reporter-output>
          </reporter-output>
        </test-method> <!-- loginWithEmptyFields -->
        <test-method is-config="true" signature="tearDown()[pri:0, instance:com.contact.tests.LoginTest@402c4085]" started-at="2025-12-01T22:04:43 IST" name="tearDown" finished-at="2025-12-01T22:04:43 IST" duration-ms="164" status="PASS">
          <reporter-output>
          </reporter-output>
        </test-method> <!-- tearDown -->
        <test-method is-config="true" signature="setUp(java.lang.String)[pri:0, instance:com.contact.tests.LoginTest@402c4085]" started-at="2025-12-01T22:04:43 IST" name="setUp" finished-at="2025-12-01T22:04:44 IST" duration-ms="709" status="PASS">
          <params>
            <param index="0">
              <value>
                <![CDATA[chrome]]>
              </value>
            </param>
          </params>
          <reporter-output>
          </reporter-output>
        </test-method> <!-- setUp -->
        <test-method signature="loginWithInvalidEmailFormat()[pri:0, instance:com.contact.tests.LoginTest@402c4085]" started-at="2025-12-01T22:04:44 IST" name="loginWithInvalidEmailFormat" description="Verify login with Invalid email id format" finished-at="2025-12-01T22:04:46 IST" duration-ms="2365" status="PASS">
          <reporter-output>
          </reporter-output>
        </test-method> <!-- loginWithInvalidEmailFormat -->
        <test-method is-config="true" signature="tearDown()[pri:0, instance:com.contact.tests.LoginTest@402c4085]" started-at="2025-12-01T22:04:46 IST" name="tearDown" finished-at="2025-12-01T22:04:46 IST" duration-ms="155" status="PASS">
          <reporter-output>
          </reporter-output>
        </test-method> <!-- tearDown -->
        <test-method is-config="true" signature="setUp(java.lang.String)[pri:0, instance:com.contact.tests.LoginTest@402c4085]" started-at="2025-12-01T22:04:46 IST" name="setUp" finished-at="2025-12-01T22:04:47 IST" duration-ms="742" status="PASS">
          <params>
            <param index="0">
              <value>
                <![CDATA[chrome]]>
              </value>
            </param>
          </params>
          <reporter-output>
          </reporter-output>
        </test-method> <!-- setUp -->
        <test-method signature="loginWithInvalidPassword()[pri:0, instance:com.contact.tests.LoginTest@402c4085]" started-at="2025-12-01T22:04:47 IST" name="loginWithInvalidPassword" description="Verify login with invalid password" finished-at="2025-12-01T22:04:59 IST" duration-ms="12150" status="PASS">
          <reporter-output>
          </reporter-output>
        </test-method> <!-- loginWithInvalidPassword -->
        <test-method is-config="true" signature="tearDown()[pri:0, instance:com.contact.tests.LoginTest@402c4085]" started-at="2025-12-01T22:04:59 IST" name="tearDown" finished-at="2025-12-01T22:04:59 IST" duration-ms="182" status="PASS">
          <reporter-output>
          </reporter-output>
        </test-method> <!-- tearDown -->
        <test-method is-config="true" signature="setUp(java.lang.String)[pri:0, instance:com.contact.tests.LoginTest@402c4085]" started-at="2025-12-01T22:04:59 IST" name="setUp" finished-at="2025-12-01T22:05:00 IST" duration-ms="704" status="PASS">
          <params>
            <param index="0">
              <value>
                <![CDATA[chrome]]>
              </value>
            </param>
          </params>
          <reporter-output>
          </reporter-output>
        </test-method> <!-- setUp -->
        <test-method signature="loginWithValidCredentials()[pri:0, instance:com.contact.tests.LoginTest@402c4085]" started-at="2025-12-01T22:05:00 IST" name="loginWithValidCredentials" description="Verify login with valid credentials" finished-at="2025-12-01T22:05:03 IST" duration-ms="3547" status="PASS">
          <reporter-output>
          </reporter-output>
        </test-method> <!-- loginWithValidCredentials -->
        <test-method is-config="true" signature="tearDown()[pri:0, instance:com.contact.tests.LoginTest@402c4085]" started-at="2025-12-01T22:05:03 IST" name="tearDown" finished-at="2025-12-01T22:05:04 IST" duration-ms="159" status="PASS">
          <reporter-output>
          </reporter-output>
        </test-method> <!-- tearDown -->
        <test-method is-config="true" signature="setUp(java.lang.String)[pri:0, instance:com.contact.tests.LoginTest@402c4085]" started-at="2025-12-01T22:05:04 IST" name="setUp" finished-at="2025-12-01T22:05:04 IST" duration-ms="724" status="PASS">
          <params>
            <param index="0">
              <value>
                <![CDATA[chrome]]>
              </value>
            </param>
          </params>
          <reporter-output>
          </reporter-output>
        </test-method> <!-- setUp -->
        <test-method signature="verifyPasswordMasking()[pri:0, instance:com.contact.tests.LoginTest@402c4085]" started-at="2025-12-01T22:05:04 IST" name="verifyPasswordMasking" description="Verify that password field masks user input" finished-at="2025-12-01T22:05:06 IST" duration-ms="1770" status="PASS">
          <reporter-output>
          </reporter-output>
        </test-method> <!-- verifyPasswordMasking -->
        <test-method is-config="true" signature="tearDown()[pri:0, instance:com.contact.tests.LoginTest@402c4085]" started-at="2025-12-01T22:05:06 IST" name="tearDown" finished-at="2025-12-01T22:05:06 IST" duration-ms="177" status="PASS">
          <reporter-output>
          </reporter-output>
        </test-method> <!-- tearDown -->
      </class> <!-- com.contact.tests.LoginTest -->
      <class name="com.contact.tests.InputValidationAndSecurityTest">
        <test-method is-config="true" signature="setUp(java.lang.String)[pri:0, instance:com.contact.tests.InputValidationAndSecurityTest@268f106e]" started-at="2025-12-01T22:06:42 IST" name="setUp" finished-at="2025-12-01T22:06:42 IST" duration-ms="708" status="PASS">
          <params>
            <param index="0">
              <value>
                <![CDATA[chrome]]>
              </value>
            </param>
          </params>
          <reporter-output>
          </reporter-output>
        </test-method> <!-- setUp -->
        <test-method signature="testMaxCharacterLimitForFirstName()[pri:0, instance:com.contact.tests.InputValidationAndSecurityTest@268f106e]" started-at="2025-12-01T22:06:42 IST" name="testMaxCharacterLimitForFirstName" description="Test Max Character Limit For FirstName" finished-at="2025-12-01T22:06:47 IST" duration-ms="4362" status="FAIL">
          <exception class="java.lang.AssertionError">
            <message>
              <![CDATA[First Name field accept long input! expected [false] but found [true]]]>
            </message>
            <full-stacktrace>
              <![CDATA[java.lang.AssertionError: First Name field accept long input! expected [false] but found [true]
at org.testng.Assert.fail(Assert.java:111)
at org.testng.Assert.failNotEquals(Assert.java:1590)
at org.testng.Assert.assertFalse(Assert.java:79)
at com.contact.tests.InputValidationAndSecurityTest.testMaxCharacterLimitForFirstName(InputValidationAndSecurityTest.java:35)
at java.base/jdk.internal.reflect.NativeMethodAccessorImpl.invoke0(Native Method)
at java.base/jdk.internal.reflect.NativeMethodAccessorImpl.invoke(NativeMethodAccessorImpl.java:77)
at java.base/jdk.internal.reflect.DelegatingMethodAccessorImpl.invoke(DelegatingMethodAccessorImpl.java:43)
at java.base/java.lang.reflect.Method.invoke(Method.java:568)
at org.testng.internal.invokers.MethodInvocationHelper.invokeMethod(MethodInvocationHelper.java:141)
at org.testng.internal.invokers.TestInvoker.invokeMethod(TestInvoker.java:687)
at org.testng.internal.invokers.TestInvoker.invokeTestMethod(TestInvoker.java:230)
at org.testng.internal.invokers.MethodRunner.runInSequence(MethodRunner.java:63)
at org.testng.internal.invokers.TestInvoker$MethodInvocationAgent.invoke(TestInvoker.java:995)
at org.testng.internal.invokers.TestInvoker.invokeTestMethods(TestInvoker.java:203)
at org.testng.internal.invokers.TestMethodWorker.invokeTestMethods(TestMethodWorker.java:154)
at org.testng.internal.invokers.TestMethodWorker.run(TestMethodWorker.java:134)
at java.base/java.util.ArrayList.forEach(ArrayList.java:1511)
at org.testng.TestRunner.privateRun(TestRunner.java:741)
at org.testng.TestRunner.run(TestRunner.java:616)
at org.testng.SuiteRunner.runTest(SuiteRunner.java:421)
at org.testng.SuiteRunner.runSequentially(SuiteRunner.java:413)
at org.testng.SuiteRunner.privateRun(SuiteRunner.java:373)
at org.testng.SuiteRunner.run(SuiteRunner.java:312)
at org.testng.SuiteRunnerWorker.runSuite(SuiteRunnerWorker.java:52)
at org.testng.SuiteRunnerWorker.run(SuiteRunnerWorker.java:95)
at org.testng.TestNG.runSuitesSequentially(TestNG.java:1274)
at org.testng.TestNG.runSuitesLocally(TestNG.java:1208)
at org.testng.TestNG.runSuites(TestNG.java:1112)
at org.testng.TestNG.run(TestNG.java:1079)
at org.testng.remote.AbstractRemoteTestNG.run(AbstractRemoteTestNG.java:115)
at org.testng.remote.RemoteTestNG.initAndRun(RemoteTestNG.java:293)
at org.testng.remote.RemoteTestNG.main(RemoteTestNG.java:91)
]]>
            </full-stacktrace>
          </exception> <!-- java.lang.AssertionError -->
          <reporter-output>
          </reporter-output>
        </test-method> <!-- testMaxCharacterLimitForFirstName -->
        <test-method is-config="true" signature="tearDown()[pri:0, instance:com.contact.tests.InputValidationAndSecurityTest@268f106e]" started-at="2025-12-01T22:06:47 IST" name="tearDown" finished-at="2025-12-01T22:06:47 IST" duration-ms="156" status="PASS">
          <reporter-output>
          </reporter-output>
        </test-method> <!-- tearDown -->
        <test-method is-config="true" signature="setUp(java.lang.String)[pri:0, instance:com.contact.tests.InputValidationAndSecurityTest@268f106e]" started-at="2025-12-01T22:06:47 IST" name="setUp" finished-at="2025-12-01T22:06:48 IST" duration-ms="707" status="PASS">
          <params>
            <param index="0">
              <value>
                <![CDATA[chrome]]>
              </value>
            </param>
          </params>
          <reporter-output>
          </reporter-output>
        </test-method> <!-- setUp -->
        <test-method signature="testUnicodeSupport()[pri:0, instance:com.contact.tests.InputValidationAndSecurityTest@268f106e]" started-at="2025-12-01T22:06:48 IST" name="testUnicodeSupport" description=" Test UnicodeSupport" finished-at="2025-12-01T22:06:52 IST" duration-ms="4184" status="FAIL">
          <exception class="org.openqa.selenium.WebDriverException">
            <message>
              <![CDATA[unknown error: ChromeDriver only supports characters in the BMP
  (Session info: chrome=142.0.7444.176)
Build info: version: '4.34.0', revision: '707dcb4246*'
System info: os.name: 'Windows 11', os.arch: 'amd64', os.version: '10.0', java.version: '17.0.4.1'
Driver info: org.openqa.selenium.chrome.ChromeDriver
Command: [470a7d8135f88edaae617f13c67b15e7, sendKeysToElement {value=[Ljava.lang.CharSequence;@1f641fb7, id=f.FEC697445619820A12BAA7F8287D9C83.d.D204BCBE5523BA9AF03CACAE82AAF19B.e.37}]
Capabilities {acceptInsecureCerts: false, browserName: chrome, browserVersion: 142.0.7444.176, chrome: {chromedriverVersion: 142.0.7444.175 (302067f14a4..., userDataDir: C:\Users\aravi\AppData\Loca...}, fedcm:accounts: true, goog:chromeOptions: {debuggerAddress: localhost:58611}, goog:processID: 3232, networkConnectionEnabled: false, pageLoadStrategy: normal, platformName: windows, proxy: Proxy(), se:cdp: ws://localhost:58611/devtoo..., se:cdpVersion: 142.0.7444.176, setWindowRect: true, strictFileInteractability: false, timeouts: {implicit: 0, pageLoad: 300000, script: 30000}, unhandledPromptBehavior: dismiss and notify, webauthn:extension:credBlob: true, webauthn:extension:largeBlob: true, webauthn:extension:minPinLength: true, webauthn:extension:prf: true, webauthn:virtualAuthenticators: true}
Element: [[ChromeDriver: chrome on windows (470a7d8135f88edaae617f13c67b15e7)] -> id: street1]
Session ID: 470a7d8135f88edaae617f13c67b15e7]]>
            </message>
            <full-stacktrace>
              <![CDATA[org.openqa.selenium.WebDriverException: unknown error: ChromeDriver only supports characters in the BMP
  (Session info: chrome=142.0.7444.176)
Build info: version: '4.34.0', revision: '707dcb4246*'
System info: os.name: 'Windows 11', os.arch: 'amd64', os.version: '10.0', java.version: '17.0.4.1'
Driver info: org.openqa.selenium.chrome.ChromeDriver
Command: [470a7d8135f88edaae617f13c67b15e7, sendKeysToElement {value=[Ljava.lang.CharSequence;@1f641fb7, id=f.FEC697445619820A12BAA7F8287D9C83.d.D204BCBE5523BA9AF03CACAE82AAF19B.e.37}]
Capabilities {acceptInsecureCerts: false, browserName: chrome, browserVersion: 142.0.7444.176, chrome: {chromedriverVersion: 142.0.7444.175 (302067f14a4..., userDataDir: C:\Users\aravi\AppData\Loca...}, fedcm:accounts: true, goog:chromeOptions: {debuggerAddress: localhost:58611}, goog:processID: 3232, networkConnectionEnabled: false, pageLoadStrategy: normal, platformName: windows, proxy: Proxy(), se:cdp: ws://localhost:58611/devtoo..., se:cdpVersion: 142.0.7444.176, setWindowRect: true, strictFileInteractability: false, timeouts: {implicit: 0, pageLoad: 300000, script: 30000}, unhandledPromptBehavior: dismiss and notify, webauthn:extension:credBlob: true, webauthn:extension:largeBlob: true, webauthn:extension:minPinLength: true, webauthn:extension:prf: true, webauthn:virtualAuthenticators: true}
Element: [[ChromeDriver: chrome on windows (470a7d8135f88edaae617f13c67b15e7)] -> id: street1]
Session ID: 470a7d8135f88edaae617f13c67b15e7
at java.base/jdk.internal.reflect.NativeConstructorAccessorImpl.newInstance0(Native Method)
at java.base/jdk.internal.reflect.NativeConstructorAccessorImpl.newInstance(NativeConstructorAccessorImpl.java:77)
at java.base/jdk.internal.reflect.DelegatingConstructorAccessorImpl.newInstance(DelegatingConstructorAccessorImpl.java:45)
at java.base/java.lang.reflect.Constructor.newInstanceWithCaller(Constructor.java:499)
at java.base/java.lang.reflect.Constructor.newInstance(Constructor.java:480)
at org.openqa.selenium.remote.ErrorCodec.decode(ErrorCodec.java:167)
at org.openqa.selenium.remote.codec.w3c.W3CHttpResponseCodec.decode(W3CHttpResponseCodec.java:138)
at org.openqa.selenium.remote.codec.w3c.W3CHttpResponseCodec.decode(W3CHttpResponseCodec.java:50)
at org.openqa.selenium.remote.HttpCommandExecutor.execute(HttpCommandExecutor.java:215)
at org.openqa.selenium.remote.service.DriverCommandExecutor.invokeExecute(DriverCommandExecutor.java:216)
at org.openqa.selenium.remote.service.DriverCommandExecutor.execute(DriverCommandExecutor.java:174)
at org.openqa.selenium.remote.RemoteWebDriver.execute(RemoteWebDriver.java:544)
at org.openqa.selenium.remote.RemoteWebElement.execute(RemoteWebElement.java:223)
at org.openqa.selenium.remote.RemoteWebElement.sendKeys(RemoteWebElement.java:110)
at com.contact.pages.BasePage.type(BasePage.java:32)
at com.contact.pages.AddContactPage.isUnicodeAcceptedInAddress(AddContactPage.java:76)
at com.contact.tests.InputValidationAndSecurityTest.testUnicodeSupport(InputValidationAndSecurityTest.java:52)
at java.base/jdk.internal.reflect.NativeMethodAccessorImpl.invoke0(Native Method)
at java.base/jdk.internal.reflect.NativeMethodAccessorImpl.invoke(NativeMethodAccessorImpl.java:77)
at java.base/jdk.internal.reflect.DelegatingMethodAccessorImpl.invoke(DelegatingMethodAccessorImpl.java:43)
at java.base/java.lang.reflect.Method.invoke(Method.java:568)
at org.testng.internal.invokers.MethodInvocationHelper.invokeMethod(MethodInvocationHelper.java:141)
at org.testng.internal.invokers.TestInvoker.invokeMethod(TestInvoker.java:687)
at org.testng.internal.invokers.TestInvoker.invokeTestMethod(TestInvoker.java:230)
at org.testng.internal.invokers.MethodRunner.runInSequence(MethodRunner.java:63)
at org.testng.internal.invokers.TestInvoker$MethodInvocationAgent.invoke(TestInvoker.java:995)
at org.testng.internal.invokers.TestInvoker.invokeTestMethods(TestInvoker.java:203)
at org.testng.internal.invokers.TestMethodWorker.invokeTestMethods(TestMethodWorker.java:154)
at org.testng.internal.invokers.TestMethodWorker.run(TestMethodWorker.java:134)
at java.base/java.util.ArrayList.forEach(ArrayList.java:1511)
at org.testng.TestRunner.privateRun(TestRunner.java:741)
at org.testng.TestRunner.run(TestRunner.java:616)
at org.testng.SuiteRunner.runTest(SuiteRunner.java:421)
at org.testng.SuiteRunner.runSequentially(SuiteRunner.java:413)
at org.testng.SuiteRunner.privateRun(SuiteRunner.java:373)
at org.testng.SuiteRunner.run(SuiteRunner.java:312)
at org.testng.SuiteRunnerWorker.runSuite(SuiteRunnerWorker.java:52)
at org.testng.SuiteRunnerWorker.run(SuiteRunnerWorker.java:95)
at org.testng.TestNG.runSuitesSequentially(TestNG.java:1274)
at org.testng.TestNG.runSuitesLocally(TestNG.java:1208)
at org.testng.TestNG.runSuites(TestNG.java:1112)
at org.testng.TestNG.run(TestNG.java:1079)
at org.testng.remote.AbstractRemoteTestNG.run(AbstractRemoteTestNG.java:115)
at org.testng.remote.RemoteTestNG.initAndRun(RemoteTestNG.java:293)
at org.testng.remote.RemoteTestNG.main(RemoteTestNG.java:91)
]]>
            </full-stacktrace>
          </exception> <!-- org.openqa.selenium.WebDriverException -->
          <reporter-output>
          </reporter-output>
        </test-method> <!-- testUnicodeSupport -->
        <test-method is-config="true" signature="tearDown()[pri:0, instance:com.contact.tests.InputValidationAndSecurityTest@268f106e]" started-at="2025-12-01T22:06:52 IST" name="tearDown" finished-at="2025-12-01T22:06:52 IST" duration-ms="175" status="PASS">
          <reporter-output>
          </reporter-output>
        </test-method> <!-- tearDown -->
      </class> <!-- com.contact.tests.InputValidationAndSecurityTest -->
      <class name="com.contact.tests.EditContactTest">
        <test-method is-config="true" signature="setUp(java.lang.String)[pri:0, instance:com.contact.tests.EditContactTest@1750fbeb]" started-at="2025-12-01T22:05:37 IST" name="setUp" finished-at="2025-12-01T22:05:38 IST" duration-ms="719" status="PASS">
          <params>
            <param index="0">
              <value>
                <![CDATA[chrome]]>
              </value>
            </param>
          </params>
          <reporter-output>
          </reporter-output>
        </test-method> <!-- setUp -->
        <test-method signature="cancelEditShouldNotSave()[pri:0, instance:com.contact.tests.EditContactTest@1750fbeb]" started-at="2025-12-01T22:05:38 IST" name="cancelEditShouldNotSave" finished-at="2025-12-01T22:05:48 IST" duration-ms="10084" status="PASS">
          <reporter-output>
          </reporter-output>
        </test-method> <!-- cancelEditShouldNotSave -->
        <test-method is-config="true" signature="tearDown()[pri:0, instance:com.contact.tests.EditContactTest@1750fbeb]" started-at="2025-12-01T22:05:48 IST" name="tearDown" finished-at="2025-12-01T22:05:48 IST" duration-ms="190" status="PASS">
          <reporter-output>
          </reporter-output>
        </test-method> <!-- tearDown -->
        <test-method is-config="true" signature="setUp(java.lang.String)[pri:0, instance:com.contact.tests.EditContactTest@1750fbeb]" started-at="2025-12-01T22:05:48 IST" name="setUp" finished-at="2025-12-01T22:05:49 IST" duration-ms="723" status="PASS">
          <params>
            <param index="0">
              <value>
                <![CDATA[chrome]]>
              </value>
            </param>
          </params>
          <reporter-output>
          </reporter-output>
        </test-method> <!-- setUp -->
        <test-method signature="editExistingContact()[pri:0, instance:com.contact.tests.EditContactTest@1750fbeb]" started-at="2025-12-01T22:05:49 IST" name="editExistingContact" finished-at="2025-12-01T22:06:08 IST" duration-ms="18882" status="PASS">
          <reporter-output>
          </reporter-output>
        </test-method> <!-- editExistingContact -->
        <test-method is-config="true" signature="tearDown()[pri:0, instance:com.contact.tests.EditContactTest@1750fbeb]" started-at="2025-12-01T22:06:08 IST" name="tearDown" finished-at="2025-12-01T22:06:08 IST" duration-ms="188" status="PASS">
          <reporter-output>
          </reporter-output>
        </test-method> <!-- tearDown -->
        <test-method is-config="true" signature="setUp(java.lang.String)[pri:0, instance:com.contact.tests.EditContactTest@1750fbeb]" started-at="2025-12-01T22:06:08 IST" name="setUp" finished-at="2025-12-01T22:06:09 IST" duration-ms="713" status="PASS">
          <params>
            <param index="0">
              <value>
                <![CDATA[chrome]]>
              </value>
            </param>
          </params>
          <reporter-output>
          </reporter-output>
        </test-method> <!-- setUp -->
        <test-method signature="validationErrorOnEmptyLastName()[pri:0, instance:com.contact.tests.EditContactTest@1750fbeb]" started-at="2025-12-01T22:06:09 IST" name="validationErrorOnEmptyLastName" finished-at="2025-12-01T22:06:25 IST" duration-ms="15773" status="PASS">
          <reporter-output>
          </reporter-output>
        </test-method> <!-- validationErrorOnEmptyLastName -->
        <test-method is-config="true" signature="tearDown()[pri:0, instance:com.contact.tests.EditContactTest@1750fbeb]" started-at="2025-12-01T22:06:25 IST" name="tearDown" finished-at="2025-12-01T22:06:25 IST" duration-ms="211" status="PASS">
          <reporter-output>
          </reporter-output>
        </test-method> <!-- tearDown -->
      </class> <!-- com.contact.tests.EditContactTest -->
      <class name="com.contact.tests.SignUpTest">
        <test-method is-config="true" signature="setUp(java.lang.String)[pri:0, instance:com.contact.tests.SignUpTest@663c9e7a]" started-at="2025-12-01T22:04:21 IST" name="setUp" finished-at="2025-12-01T22:04:22 IST" duration-ms="1363" status="PASS">
          <params>
            <param index="0">
              <value>
                <![CDATA[chrome]]>
              </value>
            </param>
          </params>
          <reporter-output>
          </reporter-output>
        </test-method> <!-- setUp -->
        <test-method signature="signUpWithValidInputs()[pri:0, instance:com.contact.tests.SignUpTest@663c9e7a]" started-at="2025-12-01T22:04:22 IST" name="signUpWithValidInputs" description="Verify sign-up with valid inputs" finished-at="2025-12-01T22:04:27 IST" duration-ms="4608" status="PASS">
          <reporter-output>
          </reporter-output>
        </test-method> <!-- signUpWithValidInputs -->
        <test-method is-config="true" signature="tearDown()[pri:0, instance:com.contact.tests.SignUpTest@663c9e7a]" started-at="2025-12-01T22:04:27 IST" name="tearDown" finished-at="2025-12-01T22:04:27 IST" duration-ms="188" status="PASS">
          <reporter-output>
          </reporter-output>
        </test-method> <!-- tearDown -->
        <test-method is-config="true" signature="setUp(java.lang.String)[pri:0, instance:com.contact.tests.SignUpTest@663c9e7a]" started-at="2025-12-01T22:04:27 IST" name="setUp" finished-at="2025-12-01T22:04:28 IST" duration-ms="746" status="PASS">
          <params>
            <param index="0">
              <value>
                <![CDATA[chrome]]>
              </value>
            </param>
          </params>
          <reporter-output>
          </reporter-output>
        </test-method> <!-- setUp -->
        <test-method signature="signUpwithAlreadyRegisteredEmail()[pri:0, instance:com.contact.tests.SignUpTest@663c9e7a]" started-at="2025-12-01T22:04:28 IST" name="signUpwithAlreadyRegisteredEmail" description="Verify sign-up with already registered email" finished-at="2025-12-01T22:04:31 IST" duration-ms="3301" status="PASS">
          <reporter-output>
          </reporter-output>
        </test-method> <!-- signUpwithAlreadyRegisteredEmail -->
        <test-method is-config="true" signature="tearDown()[pri:0, instance:com.contact.tests.SignUpTest@663c9e7a]" started-at="2025-12-01T22:04:31 IST" name="tearDown" finished-at="2025-12-01T22:04:31 IST" duration-ms="176" status="PASS">
          <reporter-output>
          </reporter-output>
        </test-method> <!-- tearDown -->
        <test-method is-config="true" signature="setUp(java.lang.String)[pri:0, instance:com.contact.tests.SignUpTest@663c9e7a]" started-at="2025-12-01T22:04:31 IST" name="setUp" finished-at="2025-12-01T22:04:32 IST" duration-ms="740" status="PASS">
          <params>
            <param index="0">
              <value>
                <![CDATA[chrome]]>
              </value>
            </param>
          </params>
          <reporter-output>
          </reporter-output>
        </test-method> <!-- setUp -->
        <test-method signature="signUpwithBlankFields()[pri:0, instance:com.contact.tests.SignUpTest@663c9e7a]" started-at="2025-12-01T22:04:32 IST" name="signUpwithBlankFields" description="Verify sign-up with blankfields" finished-at="2025-12-01T22:04:35 IST" duration-ms="3417" status="PASS">
          <reporter-output>
          </reporter-output>
        </test-method> <!-- signUpwithBlankFields -->
        <test-method is-config="true" signature="tearDown()[pri:0, instance:com.contact.tests.SignUpTest@663c9e7a]" started-at="2025-12-01T22:04:35 IST" name="tearDown" finished-at="2025-12-01T22:04:35 IST" duration-ms="146" status="PASS">
          <reporter-output>
          </reporter-output>
        </test-method> <!-- tearDown -->
        <test-method is-config="true" signature="setUp(java.lang.String)[pri:0, instance:com.contact.tests.SignUpTest@663c9e7a]" started-at="2025-12-01T22:04:35 IST" name="setUp" finished-at="2025-12-01T22:04:36 IST" duration-ms="712" status="PASS">
          <params>
            <param index="0">
              <value>
                <![CDATA[chrome]]>
              </value>
            </param>
          </params>
          <reporter-output>
          </reporter-output>
        </test-method> <!-- setUp -->
        <test-method signature="signUpwithIncorrectEmailFormat()[pri:0, instance:com.contact.tests.SignUpTest@663c9e7a]" started-at="2025-12-01T22:04:36 IST" name="signUpwithIncorrectEmailFormat" description="Verify email format validation during sign-up" finished-at="2025-12-01T22:04:39 IST" duration-ms="3307" status="PASS">
          <reporter-output>
          </reporter-output>
        </test-method> <!-- signUpwithIncorrectEmailFormat -->
        <test-method is-config="true" signature="tearDown()[pri:0, instance:com.contact.tests.SignUpTest@663c9e7a]" started-at="2025-12-01T22:04:39 IST" name="tearDown" finished-at="2025-12-01T22:04:39 IST" duration-ms="157" status="PASS">
          <reporter-output>
          </reporter-output>
        </test-method> <!-- tearDown -->
      </class> <!-- com.contact.tests.SignUpTest -->
    </test> <!-- Test -->
  </suite> <!-- Suite -->
</testng-results>
