<?xml version="1.0" encoding="UTF-8"?>
<!-- Generated by org.testng.reporters.JUnitReportReporter -->
<testsuite hostname="Jeyashree" failures="0" tests="4" name="com.demo.tests.LoginTest" time="21.325" errors="0" timestamp="2025-12-06T16:08:39 IST" skipped="0">
  <testcase classname="com.demo.tests.LoginTest" name="verifyPasswordMasking" time="3.444"/>
  <system-out/>
  <testcase classname="com.demo.tests.LoginTest" name="loginWithInvalidPassword" time="6.252"/>
  <system-out/>
  <testcase classname="com.demo.tests.LoginTest" name="loginWithValidCredentials" time="6.674"/>
  <system-out/>
  <testcase classname="com.demo.tests.LoginTest" name="loginWithEmptyFields" time="4.955"/>
  <system-out/>
</testsuite> <!-- com.demo.tests.LoginTest -->
