<?xml version="1.0" encoding="UTF-8"?>
<!-- Generated by org.testng.reporters.JUnitReportReporter -->
<testsuite hostname="Jeyashree" failures="0" tests="3" name="com.demo.tests.SignUpTest" time="23.350" errors="0" timestamp="2025-12-06T16:08:39 IST" skipped="0">
  <testcase classname="com.demo.tests.SignUpTest" name="verifySignupWithEmptyFields" time="6.912"/>
  <system-out/>
  <testcase classname="com.demo.tests.SignUpTest" name="verifySignupWithUniqueCredentials" time="9.106"/>
  <system-out/>
  <testcase classname="com.demo.tests.SignUpTest" name="verifySignupWithExistingUsername" time="7.332"/>
  <system-out/>
</testsuite> <!-- com.demo.tests.SignUpTest -->
